<?xml version="1.0" encoding="utf-8"?>
<TestRun id="dc879c95-07a1-4859-8772-aeb6db45ac27" name="hakkaraj@CPC-hakka-8CSZ6 2026-05-13 12:01:50" runUser="REDMOND\hakkaraj" xmlns="http://microsoft.com/schemas/VisualStudio/TeamTest/2010">
  <Times creation="2026-05-13T12:01:50.5339929-07:00" queuing="2026-05-13T12:01:50.5339933-07:00" start="2026-05-13T12:01:47.6158517-07:00" finish="2026-05-13T12:02:05.7349165-07:00" />
  <TestSettings name="default" id="0e5f341f-2f0b-4dea-9a17-c8e25ae8ed1a">
    <Deployment runDeploymentRoot="hakkaraj_CPC-hakka-8CSZ6_2026-05-13_12_01_50" />
  </TestSettings>
  <Results>
    <UnitTestResult executionId="c0c6dd03-f11b-4272-8cf7-cdf878ca8735" testId="46d1c903-00e3-366e-598a-67e5e7aefb7c" testName="Azure.Functions.Cli.UnitTests.KubernetesTests.KedaV2ResourceTests.GetDurableScalarNoExtension(hostSnippet: &quot;{ \&quot;extensions\&quot;: { \&quot;durableTask\&quot;: null } }&quot;)" computerName="CPC-hakka-8CSZ6" duration="00:00:00.0002671" startTime="2026-05-13T12:01:50.8112679-07:00" endTime="2026-05-13T12:01:50.8112686-07:00" testType="13cdc9d9-ddb5-4fa4-a97d-d965ccfc6d4b" outcome="Passed" testListId="8c84fa94-04c1-424b-9868-57a2d4851a1d" relativeResultsDirectory="c0c6dd03-f11b-4272-8cf7-cdf878ca8735" />
    <UnitTestResult executionId="98599cfa-7244-4a5d-a2e1-bd8e134b1dab" testId="ba379688-ca50-7765-6f66-57de3217d83d" testName="Azure.Functions.Cli.UnitTests.ConsoleTests.SslCertificateErrorHelperTests.ContainsSslKeywords_Tests(message: &quot;&quot;, expected: False)" computerName="CPC-hakka-8CSZ6" duration="00:00:00.0000036" startTime="2026-05-13T12:01:50.5617571-07:00" endTime="2026-05-13T12:01:50.5617576-07:00" testType="13cdc9d9-ddb5-4fa4-a97d-d965ccfc6d4b" outcome="Passed" testListId="8c84fa94-04c1-424b-9868-57a2d4851a1d" relativeResultsDirectory="98599cfa-7244-4a5d-a2e1-bd8e134b1dab" />
    <UnitTestResult executionId="307b2185-fa8f-4130-ba42-de157b4244c9" testId="a567629e-018b-a345-7d58-80ffaac8757a" testName="Azure.Functions.Cli.UnitTests.ActionsTests.AddBundleActionTests.RunAsync_OutputsSuccessMessage" computerName="CPC-hakka-8CSZ6" duration="00:00:00.0044415" startTime="2026-05-13T12:02:05.3552073-07:00" endTime="2026-05-13T12:02:05.3552088-07:00" testType="13cdc9d9-ddb5-4fa4-a97d-d965ccfc6d4b" outcome="Passed" testListId="8c84fa94-04c1-424b-9868-57a2d4851a1d" relativeResultsDirectory="307b2185-fa8f-4130-ba42-de157b4244c9" />
    <UnitTestResult executionId="072b5f2e-75da-431f-8d1a-1da4ab486798" testId="dc189dee-d962-44aa-26ee-81e643dcd5c4" testName="Azure.Functions.Cli.UnitTests.CommonTests.KeyVaultReferencesManagerTests.ParseVaultReferenceMatchesFieldsAppropriately(vaultReference: &quot;SecretUri=https://sampleurl/secrets/mysecret/&quot;, shouldMatch: True, expectedVaultUri: &quot;https://sampleurl/&quot;, expectedSecretName: &quot;mysecret&quot;, expectedVersion: null)" computerName="CPC-hakka-8CSZ6" duration="00:00:00.0018531" startTime="2026-05-13T12:01:50.6443991-07:00" endTime="2026-05-13T12:01:50.6443996-07:00" testType="13cdc9d9-ddb5-4fa4-a97d-d965ccfc6d4b" outcome="Passed" testListId="8c84fa94-04c1-424b-9868-57a2d4851a1d" relativeResultsDirectory="072b5f2e-75da-431f-8d1a-1da4ab486798" />
    <UnitTestResult executionId="65556e54-61f0-4ab5-a92e-1aafd10184d8" testId="586b2ee7-6267-e5ea-798f-90ba2a8d13b6" testName="Azure.Functions.Cli.UnitTests.HelperTests.LoggingFilterHelperTests.UserLogLevel_DoesNotOverrideHostJsonDefault_WhenNotSpecified_Tests" computerName="CPC-hakka-8CSZ6" duration="00:00:00.0002266" startTime="2026-05-13T12:01:50.7388056-07:00" endTime="2026-05-13T12:01:50.7388063-07:00" testType="13cdc9d9-ddb5-4fa4-a97d-d965ccfc6d4b" outcome="Passed" testListId="8c84fa94-04c1-424b-9868-57a2d4851a1d" relativeResultsDirectory="65556e54-61f0-4ab5-a92e-1aafd10184d8" />
    <UnitTestResult executionId="cb3b05a6-2260-403c-b6ac-66c8e6726e55" testId="09f22b5f-49cc-8180-c2d4-c07a4d2d3372" testName="Azure.Functions.Cli.UnitTests.HelperTests.StringExtensionsTests.ExtractIKeyFromConnectionString_ReturnsExpectedInstrumentationKey(connectionString: &quot;&quot;, key: &quot;InstrumentationKey&quot;, delimiter: ';', expected: null)" computerName="CPC-hakka-8CSZ6" duration="00:00:00.0000025" startTime="2026-05-13T12:01:50.7146782-07:00" endTime="2026-05-13T12:01:50.7146789-07:00" testType="13cdc9d9-ddb5-4fa4-a97d-d965ccfc6d4b" outcome="Passed" testListId="8c84fa94-04c1-424b-9868-57a2d4851a1d" relativeResultsDirectory="cb3b05a6-2260-403c-b6ac-66c8e6726e55" />
    <UnitTestResult executionId="fcdcafce-54a0-4c82-8f9c-4c4d072a8bd0" testId="f0155495-c7c9-b850-5d2a-05f5ff7fca1e" testName="Azure.Functions.Cli.UnitTests.ActionsTests.ResolveActionTests.ResolveCommandLineCorrectly(args: &quot;azure login&quot;, returnType: typeof(Azure.Functions.Cli.Actions.AzureActions.DeprecatedAzureActions))" computerName="CPC-hakka-8CSZ6" duration="00:00:00.0013309" startTime="2026-05-13T12:01:50.9360058-07:00" endTime="2026-05-13T12:01:50.9360093-07:00" testType="13cdc9d9-ddb5-4fa4-a97d-d965ccfc6d4b" outcome="Passed" testListId="8c84fa94-04c1-424b-9868-57a2d4851a1d" relativeResultsDirectory="fcdcafce-54a0-4c82-8f9c-4c4d072a8bd0" />
    <UnitTestResult executionId="364114ba-29ff-49eb-9d4b-c0b0c3e398e2" testId="9254e6e6-481c-227e-a800-e0ac9874f0ff" testName="Azure.Functions.Cli.UnitTests.ExtensionsTests.ProcessExtensionsTests.WaitForExitTest" computerName="CPC-hakka-8CSZ6" duration="00:00:00.4731896" startTime="2026-05-13T12:01:50.9617144-07:00" endTime="2026-05-13T12:01:50.9617218-07:00" testType="13cdc9d9-ddb5-4fa4-a97d-d965ccfc6d4b" outcome="Passed" testListId="8c84fa94-04c1-424b-9868-57a2d4851a1d" relativeResultsDirectory="364114ba-29ff-49eb-9d4b-c0b0c3e398e2" />
    <UnitTestResult executionId="07b35f06-e234-4b73-bb4f-a3bfd1e36d59" testId="c8f8b7de-7d5d-8566-0500-e51d1a6c5313" testName="Azure.Functions.Cli.UnitTests.HelperTests.DotnetHelpersTests.GetTemplateShortName_ReturnsExpectedShortName(input: &quot;UnknownTrigger&quot;, expected: null)" computerName="CPC-hakka-8CSZ6" duration="00:00:00.0002950" startTime="2026-05-13T12:01:50.8759639-07:00" endTime="2026-05-13T12:01:50.8759670-07:00" testType="13cdc9d9-ddb5-4fa4-a97d-d965ccfc6d4b" outcome="Passed" testListId="8c84fa94-04c1-424b-9868-57a2d4851a1d" relativeResultsDirectory="07b35f06-e234-4b73-bb4f-a3bfd1e36d59" />
    <UnitTestResult executionId="4030f4e5-f807-42e6-a761-3fd15f7d7d78" testId="bb8b6848-1b81-6035-cfbe-7ac04bf8641c" testName="Azure.Functions.Cli.UnitTests.HelperTests.EnvironmentHelperTests.GetEnvironmentVariableAsNullableBool_ReturnsNullForUnsetOrUnknown(value: &quot;yes&quot;)" computerName="CPC-hakka-8CSZ6" duration="00:00:00.0000784" startTime="2026-05-13T12:01:50.6120250-07:00" endTime="2026-05-13T12:01:50.6120258-07:00" testType="13cdc9d9-ddb5-4fa4-a97d-d965ccfc6d4b" outcome="Passed" testListId="8c84fa94-04c1-424b-9868-57a2d4851a1d" relativeResultsDirectory="4030f4e5-f807-42e6-a761-3fd15f7d7d78" />
    <UnitTestResult executionId="0b273a9a-11e1-4a79-b01d-d5efb8c0598b" testId="2fbeb24a-459c-4668-f63c-f7d03d97a31d" testName="Azure.Functions.Cli.UnitTests.ActionsTests.PackAction.GoPackResolveOutputPathTests.ResolveOutputPath_OutputIsDirectory_PlacesZipInside" computerName="CPC-hakka-8CSZ6" duration="00:00:00.0034450" startTime="2026-05-13T12:01:50.6172590-07:00" endTime="2026-05-13T12:01:50.6172595-07:00" testType="13cdc9d9-ddb5-4fa4-a97d-d965ccfc6d4b" outcome="Passed" testListId="8c84fa94-04c1-424b-9868-57a2d4851a1d" relativeResultsDirectory="0b273a9a-11e1-4a79-b01d-d5efb8c0598b" />
    <UnitTestResult executionId="b04564cb-f352-46df-9ede-3f2ed07af81c" testId="9d5c7ac9-0f4c-43b9-4213-71ef96a94eae" testName="Azure.Functions.Cli.UnitTests.HelperTests.OfflineHelperTests.Init_WithEnvVarFalse_ForcesOnlineWithoutNetworkCheck(envValue: &quot;FALSE&quot;)" computerName="CPC-hakka-8CSZ6" duration="00:00:00.0004139" startTime="2026-05-13T12:01:50.5376302-07:00" endTime="2026-05-13T12:01:50.5376307-07:00" testType="13cdc9d9-ddb5-4fa4-a97d-d965ccfc6d4b" outcome="Passed" testListId="8c84fa94-04c1-424b-9868-57a2d4851a1d" relativeResultsDirectory="b04564cb-f352-46df-9ede-3f2ed07af81c" />
    <UnitTestResult executionId="b5f81b73-109b-40b7-a6d8-a72c9ac84702" testId="5edac5b2-86ad-0da6-8f45-d7b32cb80b2c" testName="Azure.Functions.Cli.UnitTests.HelperTests.ExtensionBundleHelperTests.IsVersionInRange_InvalidVersionRange_ReturnsFalse" computerName="CPC-hakka-8CSZ6" duration="00:00:00.0002592" startTime="2026-05-13T12:01:50.7065873-07:00" endTime="2026-05-13T12:01:50.7065924-07:00" testType="13cdc9d9-ddb5-4fa4-a97d-d965ccfc6d4b" outcome="Passed" testListId="8c84fa94-04c1-424b-9868-57a2d4851a1d" relativeResultsDirectory="b5f81b73-109b-40b7-a6d8-a72c9ac84702" />
    <UnitTestResult executionId="9b0137f7-691c-46fa-80e5-e2a2dd5e4b3a" testId="2eed8d8e-8b4f-0f15-df5e-f7ffaae638c5" testName="Azure.Functions.Cli.UnitTests.HelperTests.GoHelperTests.AssertLinuxAmd64Binary_ValidHeader_DoesNotThrow" computerName="CPC-hakka-8CSZ6" duration="00:00:00.0031825" startTime="2026-05-13T12:01:53.5838184-07:00" endTime="2026-05-13T12:01:53.5838214-07:00" testType="13cdc9d9-ddb5-4fa4-a97d-d965ccfc6d4b" outcome="Passed" testListId="8c84fa94-04c1-424b-9868-57a2d4851a1d" relativeResultsDirectory="9b0137f7-691c-46fa-80e5-e2a2dd5e4b3a" />
    <UnitTestResult executionId="014fa23f-bcc0-46af-95dc-df4ab7b583b6" testId="becca0fb-846f-d47e-f7c0-9b916f8281f3" testName="Azure.Functions.Cli.UnitTests.HelperTests.ExtensionBundleHelperTests.ParseVersionRange_WithoutWildcard_ParsesCorrectly" computerName="CPC-hakka-8CSZ6" duration="00:00:00.0002834" startTime="2026-05-13T12:01:50.7069597-07:00" endTime="2026-05-13T12:01:50.7069633-07:00" testType="13cdc9d9-ddb5-4fa4-a97d-d965ccfc6d4b" outcome="Passed" testListId="8c84fa94-04c1-424b-9868-57a2d4851a1d" relativeResultsDirectory="014fa23f-bcc0-46af-95dc-df4ab7b583b6" />
    <UnitTestResult executionId="dbe8711c-a098-4e83-8f1c-7295fde3938d" testId="3e7f868c-cd3d-24a0-fffb-f9c749336ccb" testName="Azure.Functions.Cli.UnitTests.ActionsTests.PackAction.GoPackResolveOutputPathTests.ResolveOutputPath_NoOutputProvided_UsesFunctionAppRootName" computerName="CPC-hakka-8CSZ6" duration="00:00:00.0011249" startTime="2026-05-13T12:01:50.6274451-07:00" endTime="2026-05-13T12:01:50.6274473-07:00" testType="13cdc9d9-ddb5-4fa4-a97d-d965ccfc6d4b" outcome="Passed" testListId="8c84fa94-04c1-424b-9868-57a2d4851a1d" relativeResultsDirectory="dbe8711c-a098-4e83-8f1c-7295fde3938d" />
    <UnitTestResult executionId="ed26ea2d-cf96-40d3-9214-565e0d02ed61" testId="bdde0e49-161e-6e09-9143-07b3c31a1001" testName="Azure.Functions.Cli.UnitTests.ConsoleTests.ColoredConsoleLoggerTests.IsEnabled_LoggerFilterTests_Tests(inputCategory: &quot;Host.General&quot;, inputLogLevel: Information, expected: False)" computerName="CPC-hakka-8CSZ6" duration="00:00:00.0003290" startTime="2026-05-13T12:01:50.5209309-07:00" endTime="2026-05-13T12:01:50.5209314-07:00" testType="13cdc9d9-ddb5-4fa4-a97d-d965ccfc6d4b" outcome="Passed" testListId="8c84fa94-04c1-424b-9868-57a2d4851a1d" relativeResultsDirectory="ed26ea2d-cf96-40d3-9214-565e0d02ed61" />
    <UnitTestResult executionId="f7bebf87-6ba0-4fb0-b90f-618d4a57f458" testId="cffe58c3-6e43-5993-46ad-2627e49658a5" testName="Azure.Functions.Cli.UnitTests.HelperTests.UtilitiesTests.DefaultLoggingFilter_Test(inputCategory: &quot;Function.Function1&quot;, inputLogLevel: None, expected: True)" computerName="CPC-hakka-8CSZ6" duration="00:00:00.0000115" startTime="2026-05-13T12:01:50.8721401-07:00" endTime="2026-05-13T12:01:50.8721410-07:00" testType="13cdc9d9-ddb5-4fa4-a97d-d965ccfc6d4b" outcome="Passed" testListId="8c84fa94-04c1-424b-9868-57a2d4851a1d" relativeResultsDirectory="f7bebf87-6ba0-4fb0-b90f-618d4a57f458" />
    <UnitTestResult executionId="021edc9e-e2bc-44c3-9fe0-9799847719f3" testId="e0b2f78c-01ce-2222-29b6-52db86ed5866" testName="Azure.Functions.Cli.UnitTests.HelperTests.KedaHelperTests.PopulateMetadataDictionary_KedaV1_CorrectlyPopulatesRabbitMQMetadata" computerName="CPC-hakka-8CSZ6" duration="00:00:00.0012733" startTime="2026-05-13T12:01:50.5195265-07:00" endTime="2026-05-13T12:01:50.5195273-07:00" testType="13cdc9d9-ddb5-4fa4-a97d-d965ccfc6d4b" outcome="Passed" testListId="8c84fa94-04c1-424b-9868-57a2d4851a1d" relativeResultsDirectory="021edc9e-e2bc-44c3-9fe0-9799847719f3" />
    <UnitTestResult executionId="68619848-765c-434c-bcd6-bf1adc4d7b81" testId="481c8e3e-0d7b-1f31-16af-4b9827a820ea" testName="Azure.Functions.Cli.UnitTests.CommonTests.KeyVaultReferencesManagerTests.GetValueFromVaultReferenceExtractsCorrectValue(key: &quot;SecretName&quot;, vaultReference: &quot;VaultName=myVault;SecretName=mySecret&quot;, expectedValue: &quot;mySecret&quot;)" computerName="CPC-hakka-8CSZ6" duration="00:00:00.0018314" startTime="2026-05-13T12:01:50.5393126-07:00" endTime="2026-05-13T12:01:50.5393133-07:00" testType="13cdc9d9-ddb5-4fa4-a97d-d965ccfc6d4b" outcome="Passed" testListId="8c84fa94-04c1-424b-9868-57a2d4851a1d" relativeResultsDirectory="68619848-765c-434c-bcd6-bf1adc4d7b81" />
    <UnitTestResult executionId="59253c06-55a3-4c21-8b8a-ef37ae6565f7" testId="f3e5d8fe-eb7e-46c0-35ff-a83286b70b04" testName="Azure.Functions.Cli.UnitTests.HelperTests.ExtensionBundleHelperTests.TryGetCachedBundle_HostJsonPathNoMatch_FallsBackToDefault" computerName="CPC-hakka-8CSZ6" duration="00:00:00.0029638" startTime="2026-05-13T12:01:50.5842911-07:00" endTime="2026-05-13T12:01:50.5842915-07:00" testType="13cdc9d9-ddb5-4fa4-a97d-d965ccfc6d4b" outcome="Passed" testListId="8c84fa94-04c1-424b-9868-57a2d4851a1d" relativeResultsDirectory="59253c06-55a3-4c21-8b8a-ef37ae6565f7" />
    <UnitTestResult executionId="612ffbe9-0b20-4988-abc9-569c8bcebba4" testId="912e48a3-d4cf-a706-07f3-aaf48e0f870f" testName="Azure.Functions.Cli.UnitTests.HelperTests.GoHelperTests.AssertBinaryExists_BinaryMissing_ThrowsActionableCliException" computerName="CPC-hakka-8CSZ6" duration="00:00:00.0019894" startTime="2026-05-13T12:01:53.5805680-07:00" endTime="2026-05-13T12:01:53.5805716-07:00" testType="13cdc9d9-ddb5-4fa4-a97d-d965ccfc6d4b" outcome="Passed" testListId="8c84fa94-04c1-424b-9868-57a2d4851a1d" relativeResultsDirectory="612ffbe9-0b20-4988-abc9-569c8bcebba4" />
    <UnitTestResult executionId="683574ec-e6c3-420c-935a-6678ca0a54cf" testId="cb430ee5-b9ee-a416-cb12-9938d176985b" testName="Azure.Functions.Cli.UnitTests.ActionsTests.ResolveActionTests.ResolveCommandLineCorrectly(args: &quot;durable get-runtime-status --id ab1b5de4c5a9450eaf&quot;..., returnType: typeof(Azure.Functions.Cli.Actions.DurableActions.DurableGetRuntimeStatus))" computerName="CPC-hakka-8CSZ6" duration="00:00:00.0022965" startTime="2026-05-13T12:01:50.8970067-07:00" endTime="2026-05-13T12:01:50.8970105-07:00" testType="13cdc9d9-ddb5-4fa4-a97d-d965ccfc6d4b" outcome="Passed" testListId="8c84fa94-04c1-424b-9868-57a2d4851a1d" relativeResultsDirectory="683574ec-e6c3-420c-935a-6678ca0a54cf" />
    <UnitTestResult executionId="18468d19-45b4-4ac3-880f-09be48d564e9" testId="bb6aff7b-b788-3b6d-f590-f7f27823d1ca" testName="Azure.Functions.Cli.UnitTests.ActionsTests.AddBundleActionTests.ParseArgs_WithChannelGA_SetsChannelGA" computerName="CPC-hakka-8CSZ6" duration="00:00:00.0017760" startTime="2026-05-13T12:02:05.3571319-07:00" endTime="2026-05-13T12:02:05.3571335-07:00" testType="13cdc9d9-ddb5-4fa4-a97d-d965ccfc6d4b" outcome="Passed" testListId="8c84fa94-04c1-424b-9868-57a2d4851a1d" relativeResultsDirectory="18468d19-45b4-4ac3-880f-09be48d564e9" />
    <UnitTestResult executionId="81450a4c-6e0c-473e-9692-3c39aee81ec0" testId="60f32e01-259d-8e29-0d10-74fe52d8bc8a" testName="Azure.Functions.Cli.UnitTests.ActionsTests.ResolveActionTests.ThrowErrorOnIncorrectCommandLine(args: &quot;azure functionapp publish -g resource-group app-na&quot;...)" computerName="CPC-hakka-8CSZ6" duration="00:00:00.0031388" startTime="2026-05-13T12:01:50.9486169-07:00" endTime="2026-05-13T12:01:50.9486180-07:00" testType="13cdc9d9-ddb5-4fa4-a97d-d965ccfc6d4b" outcome="Passed" testListId="8c84fa94-04c1-424b-9868-57a2d4851a1d" relativeResultsDirectory="81450a4c-6e0c-473e-9692-3c39aee81ec0" />
    <UnitTestResult executionId="243945ce-902c-4105-b78f-5b208b8f7188" testId="0447152a-c2a4-d924-50ba-9c3c3ae76b35" testName="Azure.Functions.Cli.UnitTests.ActionsTests.AddBundleActionTests.RunAsync_CreatesValidJson" computerName="CPC-hakka-8CSZ6" duration="00:00:00.0061946" startTime="2026-05-13T12:02:05.3128756-07:00" endTime="2026-05-13T12:02:05.3128773-07:00" testType="13cdc9d9-ddb5-4fa4-a97d-d965ccfc6d4b" outcome="Passed" testListId="8c84fa94-04c1-424b-9868-57a2d4851a1d" relativeResultsDirectory="243945ce-902c-4105-b78f-5b208b8f7188" />
    <UnitTestResult executionId="1b30563f-11b4-454c-8c33-0aa5b0e0afcc" testId="12138154-d352-ffc5-93a3-7c3f58c9011d" testName="Azure.Functions.Cli.UnitTests.HelperTests.StringExtensionsTests.ExtractIKeyFromConnectionString_ReturnsExpectedInstrumentationKey(connectionString: &quot;;&quot;, key: &quot;InstrumentationKey&quot;, delimiter: ';', expected: null)" computerName="CPC-hakka-8CSZ6" duration="00:00:00.0000029" startTime="2026-05-13T12:01:50.7145396-07:00" endTime="2026-05-13T12:01:50.7145406-07:00" testType="13cdc9d9-ddb5-4fa4-a97d-d965ccfc6d4b" outcome="Passed" testListId="8c84fa94-04c1-424b-9868-57a2d4851a1d" relativeResultsDirectory="1b30563f-11b4-454c-8c33-0aa5b0e0afcc" />
    <UnitTestResult executionId="aed24755-318c-41e3-88fe-59149302f873" testId="2d3348bb-94cd-4028-81ff-f5813e188c2f" testName="Azure.Functions.Cli.UnitTests.HelperTests.HostHelperTests.GetCustomHandlerExecutable_Uses_Provided_Path_To_Read_HostJson" computerName="CPC-hakka-8CSZ6" duration="00:00:00.0018532" startTime="2026-05-13T12:01:50.6559493-07:00" endTime="2026-05-13T12:01:50.6559531-07:00" testType="13cdc9d9-ddb5-4fa4-a97d-d965ccfc6d4b" outcome="Passed" testListId="8c84fa94-04c1-424b-9868-57a2d4851a1d" relativeResultsDirectory="aed24755-318c-41e3-88fe-59149302f873" />
    <UnitTestResult executionId="a6636f8f-6c5e-4537-8ae5-2fc37c80b042" testId="7029eeff-8c31-36e4-af04-223724c13f3e" testName="Azure.Functions.Cli.UnitTests.ConsoleTests.ColoredConsoleLoggerTests.DoesMessageStartsWithWhiteListedPrefix_Tests(formattedMessage: &quot;Host lock lease acquired by instance ID&quot;, expected: True)" computerName="CPC-hakka-8CSZ6" duration="00:00:00.0000583" startTime="2026-05-13T12:01:50.5190235-07:00" endTime="2026-05-13T12:01:50.5190245-07:00" testType="13cdc9d9-ddb5-4fa4-a97d-d965ccfc6d4b" outcome="Passed" testListId="8c84fa94-04c1-424b-9868-57a2d4851a1d" relativeResultsDirectory="a6636f8f-6c5e-4537-8ae5-2fc37c80b042" />
    <UnitTestResult executionId="57c59ea5-9cb5-4180-bb76-6431554b5691" testId="7fb92f60-46b4-28ed-62bd-6864a218ab75" testName="Azure.Functions.Cli.UnitTests.ActionsTests.PackAction.GoPackSubcommandActionTests.ValidateFunctionApp_MissingHostJson_ThrowsCliException" computerName="CPC-hakka-8CSZ6" duration="00:00:00.0074466" startTime="2026-05-13T12:01:50.9036067-07:00" endTime="2026-05-13T12:01:50.9036119-07:00" testType="13cdc9d9-ddb5-4fa4-a97d-d965ccfc6d4b" outcome="Passed" testListId="8c84fa94-04c1-424b-9868-57a2d4851a1d" relativeResultsDirectory="57c59ea5-9cb5-4180-bb76-6431554b5691" />
    <UnitTestResult executionId="0bb7895f-7294-4515-a5e0-9c9178383bdd" testId="35289dbf-47cb-f0e7-4de5-f06f9e8eb61d" testName="Azure.Functions.Cli.UnitTests.ParserTests.GitIgnoreParserTests.DeniesShouldNotDenyTheGivenFilenames" computerName="CPC-hakka-8CSZ6" duration="00:00:00.0006388" startTime="2026-05-13T12:01:50.5595592-07:00" endTime="2026-05-13T12:01:50.5595643-07:00" testType="13cdc9d9-ddb5-4fa4-a97d-d965ccfc6d4b" outcome="Passed" testListId="8c84fa94-04c1-424b-9868-57a2d4851a1d" relativeResultsDirectory="0bb7895f-7294-4515-a5e0-9c9178383bdd" />
    <UnitTestResult executionId="03fda3ad-6ba3-419c-8f32-2b9f3182e12d" testId="6cb89184-beeb-0dcc-d924-2e993d047f92" testName="Azure.Functions.Cli.UnitTests.ActionsTests.StartHostActionTests.ValidateHostRuntimeAsync_MatchesExpectedResults(currentRuntime: Java, hostRuntimeArgument: &quot;inproc6&quot;, validNet8Configuration: False, expectException: True)" computerName="CPC-hakka-8CSZ6" duration="00:00:00.0025722" startTime="2026-05-13T12:01:50.5747655-07:00" endTime="2026-05-13T12:01:50.5747692-07:00" testType="13cdc9d9-ddb5-4fa4-a97d-d965ccfc6d4b" outcome="Passed" testListId="8c84fa94-04c1-424b-9868-57a2d4851a1d" relativeResultsDirectory="03fda3ad-6ba3-419c-8f32-2b9f3182e12d" />
    <UnitTestResult executionId="83c22282-348f-41b3-8da3-e6bf2535c431" testId="326de2c0-971a-44ee-2861-862be460fb2a" testName="Azure.Functions.Cli.UnitTests.HelperTests.ExtensionBundleHelperTests.IsNetworkException_HttpRequestExceptionWithStatusCode_ReturnsFalse" computerName="CPC-hakka-8CSZ6" duration="00:00:00.0034836" startTime="2026-05-13T12:01:50.5370069-07:00" endTime="2026-05-13T12:01:50.5370077-07:00" testType="13cdc9d9-ddb5-4fa4-a97d-d965ccfc6d4b" outcome="Passed" testListId="8c84fa94-04c1-424b-9868-57a2d4851a1d" relativeResultsDirectory="83c22282-348f-41b3-8da3-e6bf2535c431" />
    <UnitTestResult executionId="5a4e22fa-2421-4090-ada9-b34d0d916d0b" testId="21ff5e4a-423f-31ab-50c5-1e6939e57c21" testName="Azure.Functions.Cli.UnitTests.ActionsTests.DownloadBundleActionTests.RunAsync_WithBundlesConfigured_OutputsBundleInfo" computerName="CPC-hakka-8CSZ6" duration="00:00:00.0142354" startTime="2026-05-13T12:02:05.4092027-07:00" endTime="2026-05-13T12:02:05.4092047-07:00" testType="13cdc9d9-ddb5-4fa4-a97d-d965ccfc6d4b" outcome="Passed" testListId="8c84fa94-04c1-424b-9868-57a2d4851a1d" relativeResultsDirectory="5a4e22fa-2421-4090-ada9-b34d0d916d0b" />
    <UnitTestResult executionId="4e94d0b3-14f0-4473-8db3-7cd2e660d19a" testId="fca93b04-177e-27a9-5b34-812fd6aae505" testName="Azure.Functions.Cli.UnitTests.CommonTests.KeyVaultReferencesManagerTests.ParseVaultReferenceMatchesFieldsAppropriately(vaultReference: &quot;SecretName=mysecret;VaultName=sampleVault;SecretVe&quot;..., shouldMatch: True, expectedVaultUri: &quot;https://samplevault.vault.azure.net/&quot;, expectedSecretName: &quot;mysecret&quot;, expectedVersion: &quot;secretVersion&quot;)" computerName="CPC-hakka-8CSZ6" duration="00:00:00.0013194" startTime="2026-05-13T12:01:50.6443385-07:00" endTime="2026-05-13T12:01:50.6443390-07:00" testType="13cdc9d9-ddb5-4fa4-a97d-d965ccfc6d4b" outcome="Passed" testListId="8c84fa94-04c1-424b-9868-57a2d4851a1d" relativeResultsDirectory="4e94d0b3-14f0-4473-8db3-7cd2e660d19a" />
    <UnitTestResult executionId="73d85412-e1b0-402d-a05b-bc3d0e84baf1" testId="4d4ef387-304a-733a-1b79-83b647bedc8a" testName="Azure.Functions.Cli.UnitTests.HelperTests.KubernetesHelperTests.ValidateKubernetesNames(name: &quot;name@something&quot;, isValid: False)" computerName="CPC-hakka-8CSZ6" duration="00:00:00.0000609" startTime="2026-05-13T12:01:50.6152265-07:00" endTime="2026-05-13T12:01:50.6152278-07:00" testType="13cdc9d9-ddb5-4fa4-a97d-d965ccfc6d4b" outcome="Passed" testListId="8c84fa94-04c1-424b-9868-57a2d4851a1d" relativeResultsDirectory="73d85412-e1b0-402d-a05b-bc3d0e84baf1" />
    <UnitTestResult executionId="a9d716e6-6b5e-4b41-89d2-a7109c586c4b" testId="4b968894-7f62-eb66-c766-291ed09d6cd3" testName="Azure.Functions.Cli.UnitTests.HelperTests.ExtensionBundleHelperTests.VersionRangesIntersect_DeprecationScenarios_ReturnsExpectedResult(localVersion: &quot;[4.0.0, 4.5.0)&quot;, defaultVersion: &quot;[4.*, 5.0.0)&quot;, shouldIntersect: True)" computerName="CPC-hakka-8CSZ6" duration="00:00:00.0001789" startTime="2026-05-13T12:01:50.5702582-07:00" endTime="2026-05-13T12:01:50.5702587-07:00" testType="13cdc9d9-ddb5-4fa4-a97d-d965ccfc6d4b" outcome="Passed" testListId="8c84fa94-04c1-424b-9868-57a2d4851a1d" relativeResultsDirectory="a9d716e6-6b5e-4b41-89d2-a7109c586c4b" />
    <UnitTestResult executionId="559df5ba-809c-46b6-b3e4-56bd826fb1f1" testId="a9de4f76-ecaa-7d1c-dc8d-a44de537149a" testName="Azure.Functions.Cli.UnitTests.ActionsTests.ResolveActionTests.ResolveCommandLineCorrectly(args: &quot;settings encrypt&quot;, returnType: typeof(Azure.Functions.Cli.Actions.LocalActions.EncryptSettingsAction))" computerName="CPC-hakka-8CSZ6" duration="00:00:00.0015145" startTime="2026-05-13T12:01:50.8345197-07:00" endTime="2026-05-13T12:01:50.8345237-07:00" testType="13cdc9d9-ddb5-4fa4-a97d-d965ccfc6d4b" outcome="Passed" testListId="8c84fa94-04c1-424b-9868-57a2d4851a1d" relativeResultsDirectory="559df5ba-809c-46b6-b3e4-56bd826fb1f1" />
    <UnitTestResult executionId="09168f6e-45e8-4a60-bffe-874dfd6b5486" testId="12942304-c917-2017-ed4e-d5f417b725f0" testName="Azure.Functions.Cli.UnitTests.ActionsTests.BundleActionHelperTests.TryGetBundleContext_UsesDownloadPath_FromHostJson" computerName="CPC-hakka-8CSZ6" duration="00:00:00.0115060" startTime="2026-05-13T12:02:05.3927681-07:00" endTime="2026-05-13T12:02:05.3927700-07:00" testType="13cdc9d9-ddb5-4fa4-a97d-d965ccfc6d4b" outcome="Passed" testListId="8c84fa94-04c1-424b-9868-57a2d4851a1d" relativeResultsDirectory="09168f6e-45e8-4a60-bffe-874dfd6b5486" />
    <UnitTestResult executionId="ff4ed095-f3b0-480c-bf5a-12104f9888d3" testId="97ada2a6-96c4-f33f-c7c1-0a9bf0d945c2" testName="Azure.Functions.Cli.UnitTests.ParserTests.RequirementsTxtParserTests.ShouldReturnEmptyListOnEmptyContent" computerName="CPC-hakka-8CSZ6" duration="00:00:00.0216138" startTime="2026-05-13T12:01:51.4447802-07:00" endTime="2026-05-13T12:01:51.4447903-07:00" testType="13cdc9d9-ddb5-4fa4-a97d-d965ccfc6d4b" outcome="Passed" testListId="8c84fa94-04c1-424b-9868-57a2d4851a1d" relativeResultsDirectory="ff4ed095-f3b0-480c-bf5a-12104f9888d3" />
    <UnitTestResult executionId="0f75ab91-c348-477f-a1f6-1c7ff2fddfaf" testId="f0f90c04-a4ab-c34f-4c72-0ede9d932fe9" testName="Azure.Functions.Cli.UnitTests.HelperTests.LoggingFilterHelperTests.UserLogLevel_CommandLineParameter_Tests(userLogLevelString: &quot;Warning&quot;, expectedUserLogLevel: Warning)" computerName="CPC-hakka-8CSZ6" duration="00:00:00.0002094" startTime="2026-05-13T12:01:50.7366741-07:00" endTime="2026-05-13T12:01:50.7366750-07:00" testType="13cdc9d9-ddb5-4fa4-a97d-d965ccfc6d4b" outcome="Passed" testListId="8c84fa94-04c1-424b-9868-57a2d4851a1d" relativeResultsDirectory="0f75ab91-c348-477f-a1f6-1c7ff2fddfaf" />
    <UnitTestResult executionId="d2ad695d-4966-4ac7-9d18-ea87901a0c21" testId="bf3dc7e4-750f-2e40-c488-f008e46e24f6" testName="Azure.Functions.Cli.UnitTests.HelperTests.StringExtensionsTests.ExtractIKeyFromConnectionString_ReturnsExpectedInstrumentationKey(connectionString: &quot;InstrumentationKey=abc123;IngestionEndpoint=https:&quot;..., key: &quot;InstrumentationKey&quot;, delimiter: ';', expected: &quot;abc123&quot;)" computerName="CPC-hakka-8CSZ6" duration="00:00:00.0002665" startTime="2026-05-13T12:01:50.7130310-07:00" endTime="2026-05-13T12:01:50.7130351-07:00" testType="13cdc9d9-ddb5-4fa4-a97d-d965ccfc6d4b" outcome="Passed" testListId="8c84fa94-04c1-424b-9868-57a2d4851a1d" relativeResultsDirectory="d2ad695d-4966-4ac7-9d18-ea87901a0c21" />
    <UnitTestResult executionId="58690a39-4712-4f1b-ad29-88d079764999" testId="2c69cfa6-791a-781f-3b3f-9229bc50b308" testName="Azure.Functions.Cli.UnitTests.ExtensionsTests.StringExtensionsTests.TestSanitizeImageNameWithBadFormatThrowImageNameFormatException" computerName="CPC-hakka-8CSZ6" duration="00:00:00.0005926" startTime="2026-05-13T12:01:50.6604546-07:00" endTime="2026-05-13T12:01:50.6604552-07:00" testType="13cdc9d9-ddb5-4fa4-a97d-d965ccfc6d4b" outcome="Passed" testListId="8c84fa94-04c1-424b-9868-57a2d4851a1d" relativeResultsDirectory="58690a39-4712-4f1b-ad29-88d079764999" />
    <UnitTestResult executionId="4586a153-a7a0-45d8-9698-b97cfe2bc1fe" testId="49925c5c-1578-7f98-2127-89722fbb6e0e" testName="Azure.Functions.Cli.UnitTests.HelperTests.ExtensionBundleHelperTests.ParseVersionRange_ValidRange_ReturnsCorrectBounds(range: &quot;[4.28.0]&quot;, expectedStart: &quot;4.28.0&quot;, expectedEnd: &quot;4.28.1&quot;)" computerName="CPC-hakka-8CSZ6" duration="00:00:00.0002856" startTime="2026-05-13T12:01:50.5243315-07:00" endTime="2026-05-13T12:01:50.5243327-07:00" testType="13cdc9d9-ddb5-4fa4-a97d-d965ccfc6d4b" outcome="Passed" testListId="8c84fa94-04c1-424b-9868-57a2d4851a1d" relativeResultsDirectory="4586a153-a7a0-45d8-9698-b97cfe2bc1fe" />
    <UnitTestResult executionId="9af2a891-1f10-4e54-9ccc-4cf2ac0eca22" testId="9975b7a5-341c-dc12-4863-b7b9f08ace40" testName="Azure.Functions.Cli.UnitTests.HelperTests.UtilitiesTests.GetHostJsonDefaultLogLevel_Test(expectedLogLevel: Information)" computerName="CPC-hakka-8CSZ6" duration="00:00:00.0001988" startTime="2026-05-13T12:01:50.8737873-07:00" endTime="2026-05-13T12:01:50.8737882-07:00" testType="13cdc9d9-ddb5-4fa4-a97d-d965ccfc6d4b" outcome="Passed" testListId="8c84fa94-04c1-424b-9868-57a2d4851a1d" relativeResultsDirectory="9af2a891-1f10-4e54-9ccc-4cf2ac0eca22" />
    <UnitTestResult executionId="626e0f9d-1235-449f-8618-84b9308b4ba4" testId="628c4d9c-66e4-734a-1e70-db97a7d43f1e" testName="Azure.Functions.Cli.UnitTests.ActionsTests.ResolveActionTests.ResolveCommandLineCorrectly(args: &quot;function new&quot;, returnType: typeof(Azure.Functions.Cli.Actions.LocalActions.CreateFunctionAction))" computerName="CPC-hakka-8CSZ6" duration="00:00:00.0041069" startTime="2026-05-13T12:01:50.9251836-07:00" endTime="2026-05-13T12:01:50.9251893-07:00" testType="13cdc9d9-ddb5-4fa4-a97d-d965ccfc6d4b" outcome="Passed" testListId="8c84fa94-04c1-424b-9868-57a2d4851a1d" relativeResultsDirectory="626e0f9d-1235-449f-8618-84b9308b4ba4" />
    <UnitTestResult executionId="b3016c8a-66a7-4f7c-b1e9-cc472af45a4e" testId="1ebec696-cfa6-9cca-0837-528d86fceed9" testName="Azure.Functions.Cli.UnitTests.ConsoleTests.ColoredConsoleLoggerTests.DoesMessageStartsWithWhiteListedPrefix_Tests(formattedMessage: &quot;Host lock lease acquired by instance id&quot;, expected: True)" computerName="CPC-hakka-8CSZ6" duration="00:00:00.0003900" startTime="2026-05-13T12:01:50.5189328-07:00" endTime="2026-05-13T12:01:50.5189364-07:00" testType="13cdc9d9-ddb5-4fa4-a97d-d965ccfc6d4b" outcome="Passed" testListId="8c84fa94-04c1-424b-9868-57a2d4851a1d" relativeResultsDirectory="b3016c8a-66a7-4f7c-b1e9-cc472af45a4e" />
    <UnitTestResult executionId="50ba25d5-d167-4910-bf93-d1495564d984" testId="143788a5-f797-1be5-2dcc-a102e3d7ee34" testName="Azure.Functions.Cli.UnitTests.ActionsTests.PackAction.NodePackSubcommandActionTests.ValidateNodeFunctionApp_ValidStructure_PassesValidation" computerName="CPC-hakka-8CSZ6" duration="00:00:00.0035356" startTime="2026-05-13T12:01:50.8226999-07:00" endTime="2026-05-13T12:01:50.8227028-07:00" testType="13cdc9d9-ddb5-4fa4-a97d-d965ccfc6d4b" outcome="Passed" testListId="8c84fa94-04c1-424b-9868-57a2d4851a1d" relativeResultsDirectory="50ba25d5-d167-4910-bf93-d1495564d984" />
    <UnitTestResult executionId="570fdec2-9c61-46a8-829e-8b885c91ba85" testId="dd98ce07-80b0-6722-e9ef-a40c65c4fed6" testName="Azure.Functions.Cli.UnitTests.ActionsTests.AddBundleActionTests.ParseArgs_NoArguments_Succeeds" computerName="CPC-hakka-8CSZ6" duration="00:00:00.0013335" startTime="2026-05-13T12:02:05.3505862-07:00" endTime="2026-05-13T12:02:05.3505874-07:00" testType="13cdc9d9-ddb5-4fa4-a97d-d965ccfc6d4b" outcome="Passed" testListId="8c84fa94-04c1-424b-9868-57a2d4851a1d" relativeResultsDirectory="570fdec2-9c61-46a8-829e-8b885c91ba85" />
    <UnitTestResult executionId="d8167500-29d2-4378-ad98-bd1b1b895423" testId="d4262a01-d944-a040-c4ca-2fd11964b81b" testName="Azure.Functions.Cli.UnitTests.HelperTests.OfflineHelperTests.Init_WithEnvVarFalse_ForcesOnlineWithoutNetworkCheck(envValue: &quot;false&quot;)" computerName="CPC-hakka-8CSZ6" duration="00:00:00.0022233" startTime="2026-05-13T12:01:50.5375351-07:00" endTime="2026-05-13T12:01:50.5375362-07:00" testType="13cdc9d9-ddb5-4fa4-a97d-d965ccfc6d4b" outcome="Passed" testListId="8c84fa94-04c1-424b-9868-57a2d4851a1d" relativeResultsDirectory="d8167500-29d2-4378-ad98-bd1b1b895423" />
    <UnitTestResult executionId="380b1140-348c-4f0a-9d72-9c17b331b458" testId="bc5c1492-2a33-b658-63dc-c1d5191e94d4" testName="Azure.Functions.Cli.UnitTests.ConfigurationProfileTests.McpCustomHandlerConfigurationProfileTests.ApplyLocalSettingsAsync_SetsCorrectWorkerRuntime(runtime: DotnetIsolated, expectedMoniker: &quot;dotnet-isolated&quot;)" computerName="CPC-hakka-8CSZ6" duration="00:00:00.0024672" startTime="2026-05-13T12:01:50.8923067-07:00" endTime="2026-05-13T12:01:50.8923073-07:00" testType="13cdc9d9-ddb5-4fa4-a97d-d965ccfc6d4b" outcome="Passed" testListId="8c84fa94-04c1-424b-9868-57a2d4851a1d" relativeResultsDirectory="380b1140-348c-4f0a-9d72-9c17b331b458" />
    <UnitTestResult executionId="5972345f-efa6-4a8b-96fd-02bd068ea8c3" testId="03b4e5c1-9c80-5eb3-9297-8f7ba0fe0931" testName="Azure.Functions.Cli.UnitTests.HelperTests.ZipHelperTests.CreateZip_Succeeds" computerName="CPC-hakka-8CSZ6" duration="00:00:06.8083643" startTime="2026-05-13T12:02:03.9960106-07:00" endTime="2026-05-13T12:02:03.9960497-07:00" testType="13cdc9d9-ddb5-4fa4-a97d-d965ccfc6d4b" outcome="Passed" testListId="8c84fa94-04c1-424b-9868-57a2d4851a1d" relativeResultsDirectory="5972345f-efa6-4a8b-96fd-02bd068ea8c3">
      <Output>
        <StdOut>Determining projects to restore...&#xD;
  Restored C:\Users\hakkaraj\Workspace\func-golang\test\ZippedExe\ZippedExe.csproj (in 164 ms).&#xD;
  ZippedExe -&gt; C:\Users\hakkaraj\Workspace\func-golang\out\bin\ZippedExe\debug_win-x64\ZippedExe.dll&#xD;
&#xD;
Build succeeded.&#xD;
    0 Warning(s)&#xD;
    0 Error(s)&#xD;
&#xD;
Time Elapsed 00:00:01.83&#xD;
  Determining projects to restore...&#xD;
  Restored C:\Users\hakkaraj\Workspace\func-golang\test\ZippedExe\ZippedExe.csproj (in 293 ms).&#xD;
  ZippedExe -&gt; C:\Users\hakkaraj\Workspace\func-golang\out\bin\ZippedExe\debug_linux-x64\ZippedExe.dll&#xD;
&#xD;
Build succeeded.&#xD;
    0 Warning(s)&#xD;
    0 Error(s)&#xD;
&#xD;
Time Elapsed 00:00:02.35</StdOut>
      </Output>
    </UnitTestResult>
    <UnitTestResult executionId="34239c0d-d48f-49aa-971d-b6d0bb205a3c" testId="14757e97-9060-e34b-707a-7433c41c5845" testName="Azure.Functions.Cli.UnitTests.ActionsTests.DownloadBundleActionTests.HasCorrectActionAttribute_HelpTextDescribesExtensionBundle" computerName="CPC-hakka-8CSZ6" duration="00:00:00.0014573" startTime="2026-05-13T12:02:05.4140210-07:00" endTime="2026-05-13T12:02:05.4140230-07:00" testType="13cdc9d9-ddb5-4fa4-a97d-d965ccfc6d4b" outcome="Passed" testListId="8c84fa94-04c1-424b-9868-57a2d4851a1d" relativeResultsDirectory="34239c0d-d48f-49aa-971d-b6d0bb205a3c" />
    <UnitTestResult executionId="c8686ccd-608f-446f-8685-9b00d465d6a7" testId="aa1ac904-e66c-0083-c21f-c8499f7ed9cf" testName="Azure.Functions.Cli.UnitTests.HelperTests.GoHelperTests.AssertLinuxAmd64Binary_NotElf_Throws" computerName="CPC-hakka-8CSZ6" duration="00:00:00.0035902" startTime="2026-05-13T12:01:56.3064846-07:00" endTime="2026-05-13T12:01:56.3064899-07:00" testType="13cdc9d9-ddb5-4fa4-a97d-d965ccfc6d4b" outcome="Passed" testListId="8c84fa94-04c1-424b-9868-57a2d4851a1d" relativeResultsDirectory="c8686ccd-608f-446f-8685-9b00d465d6a7" />
    <UnitTestResult executionId="fb820895-df2c-460a-ac63-a3af79d2aa65" testId="5b94feab-5103-cf05-001a-e01dc5852a38" testName="Azure.Functions.Cli.UnitTests.HelperTests.ExtensionBundleHelperTests.GetExtensionBundleContentProvider_ReturnsValidProvider" computerName="CPC-hakka-8CSZ6" duration="00:00:00.0022567" startTime="2026-05-13T12:01:50.5684766-07:00" endTime="2026-05-13T12:01:50.5684806-07:00" testType="13cdc9d9-ddb5-4fa4-a97d-d965ccfc6d4b" outcome="Passed" testListId="8c84fa94-04c1-424b-9868-57a2d4851a1d" relativeResultsDirectory="fb820895-df2c-460a-ac63-a3af79d2aa65" />
    <UnitTestResult executionId="2c34c893-6fc8-46aa-bd5d-ce8b151b5a2e" testId="14959b14-1592-83ad-c02e-ac034d0ac219" testName="Azure.Functions.Cli.UnitTests.HelperTests.LoggingFilterHelperTests.IsCI_Tests(isCiEnv: True, verboseLogging: null, expected: True)" computerName="CPC-hakka-8CSZ6" duration="00:00:00.0003265" startTime="2026-05-13T12:01:50.7386519-07:00" endTime="2026-05-13T12:01:50.7386525-07:00" testType="13cdc9d9-ddb5-4fa4-a97d-d965ccfc6d4b" outcome="Passed" testListId="8c84fa94-04c1-424b-9868-57a2d4851a1d" relativeResultsDirectory="2c34c893-6fc8-46aa-bd5d-ce8b151b5a2e" />
    <UnitTestResult executionId="be29dfe4-d036-41d9-bf68-d87c544b02c3" testId="64372f15-982e-13ad-7d08-06cc58af50c9" testName="Azure.Functions.Cli.UnitTests.HelperTests.PythonHelperTests.ShouldHaveMatchingLinuxFxVersion(linuxFxVersion: &quot;Python|3.12&quot;, major: 3, minor: 12, expectedResult: True)" computerName="CPC-hakka-8CSZ6" duration="00:00:00.0002989" startTime="2026-05-13T12:01:50.6381824-07:00" endTime="2026-05-13T12:01:50.6381842-07:00" testType="13cdc9d9-ddb5-4fa4-a97d-d965ccfc6d4b" outcome="Passed" testListId="8c84fa94-04c1-424b-9868-57a2d4851a1d" relativeResultsDirectory="be29dfe4-d036-41d9-bf68-d87c544b02c3" />
    <UnitTestResult executionId="c036f421-db2f-4eff-bc59-0f59054e81dc" testId="9d491e9a-fa0f-b5ff-1742-2bfb3a5febbd" testName="Azure.Functions.Cli.UnitTests.ActionsTests.StartHostActionTests.CheckNonOptionalSettings_DoesntThrowMissingConnectionUsingManagedIdentity" computerName="CPC-hakka-8CSZ6" duration="00:00:00.0038373" startTime="2026-05-13T12:01:50.8111378-07:00" endTime="2026-05-13T12:01:50.8111395-07:00" testType="13cdc9d9-ddb5-4fa4-a97d-d965ccfc6d4b" outcome="Passed" testListId="8c84fa94-04c1-424b-9868-57a2d4851a1d" relativeResultsDirectory="c036f421-db2f-4eff-bc59-0f59054e81dc" />
    <UnitTestResult executionId="a9c9c224-dda0-40d4-a312-53eef72ecfe3" testId="56edcaa7-2018-96f8-4dab-de5bbce9d766" testName="Azure.Functions.Cli.UnitTests.HelperTests.PublishHelperTests.IsLinuxFxVersionRuntimeMatchedTest(linuxFxVersion: &quot;DOCKER|customimage&quot;, runtime: Dotnet, expected: False)" computerName="CPC-hakka-8CSZ6" duration="00:00:00.0000041" startTime="2026-05-13T12:01:50.7928803-07:00" endTime="2026-05-13T12:01:50.7928811-07:00" testType="13cdc9d9-ddb5-4fa4-a97d-d965ccfc6d4b" outcome="Passed" testListId="8c84fa94-04c1-424b-9868-57a2d4851a1d" relativeResultsDirectory="a9c9c224-dda0-40d4-a312-53eef72ecfe3" />
    <UnitTestResult executionId="bf03dafa-ec15-47c8-8355-79a1341b6823" testId="39c53fb1-ba9b-11ae-4061-bf4e2b3229bc" testName="Azure.Functions.Cli.UnitTests.ActionsTests.DownloadBundleActionTests.ParseArgs_WithShortForceFlag_SetsForceTrue" computerName="CPC-hakka-8CSZ6" duration="00:00:00.0036173" startTime="2026-05-13T12:02:05.4177669-07:00" endTime="2026-05-13T12:02:05.4177685-07:00" testType="13cdc9d9-ddb5-4fa4-a97d-d965ccfc6d4b" outcome="Passed" testListId="8c84fa94-04c1-424b-9868-57a2d4851a1d" relativeResultsDirectory="bf03dafa-ec15-47c8-8355-79a1341b6823" />
    <UnitTestResult executionId="41376cee-69cb-4dda-9197-6bb70fd5d1a2" testId="b6f2bc61-3e08-2af7-81d4-5ebf26d4571c" testName="Azure.Functions.Cli.UnitTests.HelperTests.LoggingFilterHelperTests.UserLogLevel_CommandLineOverridesEnvironmentVariable_Tests" computerName="CPC-hakka-8CSZ6" duration="00:00:00.0002687" startTime="2026-05-13T12:01:50.7383238-07:00" endTime="2026-05-13T12:01:50.7383245-07:00" testType="13cdc9d9-ddb5-4fa4-a97d-d965ccfc6d4b" outcome="Passed" testListId="8c84fa94-04c1-424b-9868-57a2d4851a1d" relativeResultsDirectory="41376cee-69cb-4dda-9197-6bb70fd5d1a2" />
    <UnitTestResult executionId="368f2b02-ece4-4db6-b2f3-3401130f5561" testId="876b409b-b01f-772f-b359-8f7a6ef3bbb9" testName="Azure.Functions.Cli.UnitTests.HelperTests.ExtensionBundleHelperTests.IsVersionInRange_NullVersionRange_ReturnsFalse" computerName="CPC-hakka-8CSZ6" duration="00:00:00.0001384" startTime="2026-05-13T12:01:50.5665134-07:00" endTime="2026-05-13T12:01:50.5665158-07:00" testType="13cdc9d9-ddb5-4fa4-a97d-d965ccfc6d4b" outcome="Passed" testListId="8c84fa94-04c1-424b-9868-57a2d4851a1d" relativeResultsDirectory="368f2b02-ece4-4db6-b2f3-3401130f5561" />
    <UnitTestResult executionId="dbf2a0b2-42a6-41fc-a46f-27b7d94cb937" testId="d5bb54af-cb59-a8b4-a7f7-1326f279b696" testName="Azure.Functions.Cli.UnitTests.ActionsTests.InitActionGoTests.ParseArgs_SkipGoModTidy_DefaultsToFalse" computerName="CPC-hakka-8CSZ6" duration="00:00:00.0003709" startTime="2026-05-13T12:01:50.7907042-07:00" endTime="2026-05-13T12:01:50.7907051-07:00" testType="13cdc9d9-ddb5-4fa4-a97d-d965ccfc6d4b" outcome="Passed" testListId="8c84fa94-04c1-424b-9868-57a2d4851a1d" relativeResultsDirectory="dbf2a0b2-42a6-41fc-a46f-27b7d94cb937" />
    <UnitTestResult executionId="2a5bc11a-97c6-4312-89cc-5a6c88efccd5" testId="e4e8eea9-c60b-dc5f-bfef-f87004a368ab" testName="Azure.Functions.Cli.UnitTests.HelperTests.GoHelperTests.GetPackFiles_ReturnsHostJsonAndAppBinary" computerName="CPC-hakka-8CSZ6" duration="00:00:00.0009662" startTime="2026-05-13T12:01:53.5848432-07:00" endTime="2026-05-13T12:01:53.5848441-07:00" testType="13cdc9d9-ddb5-4fa4-a97d-d965ccfc6d4b" outcome="Passed" testListId="8c84fa94-04c1-424b-9868-57a2d4851a1d" relativeResultsDirectory="2a5bc11a-97c6-4312-89cc-5a6c88efccd5" />
    <UnitTestResult executionId="4771fd7f-4a33-42e1-8f51-3a7be18210c9" testId="a9df0b75-f002-b845-2c80-8bd16fd3568b" testName="Azure.Functions.Cli.UnitTests.HelperTests.KubernetesHelperTests.ValidateYamlStringQuote" computerName="CPC-hakka-8CSZ6" duration="00:00:00.0461452" startTime="2026-05-13T12:01:50.6571355-07:00" endTime="2026-05-13T12:01:50.6571394-07:00" testType="13cdc9d9-ddb5-4fa4-a97d-d965ccfc6d4b" outcome="Passed" testListId="8c84fa94-04c1-424b-9868-57a2d4851a1d" relativeResultsDirectory="4771fd7f-4a33-42e1-8f51-3a7be18210c9" />
    <UnitTestResult executionId="8cfbe48c-b65c-496d-a557-c6adccd60bbf" testId="6d89a067-be24-fc31-38b2-53a0c85a3611" testName="Azure.Functions.Cli.UnitTests.CommonTests.KeyVaultReferencesManagerTests.ParseSecretEmitsWarningWithUnsuccessfullyMatchedKeyVaultReferences(key: &quot;test&quot;, value: null, attemptedKeyVaultReference: False)" computerName="CPC-hakka-8CSZ6" duration="00:00:00.0850795" startTime="2026-05-13T12:01:50.6015720-07:00" endTime="2026-05-13T12:01:50.6015758-07:00" testType="13cdc9d9-ddb5-4fa4-a97d-d965ccfc6d4b" outcome="Passed" testListId="8c84fa94-04c1-424b-9868-57a2d4851a1d" relativeResultsDirectory="8cfbe48c-b65c-496d-a557-c6adccd60bbf" />
    <UnitTestResult executionId="de08bf7f-69bc-45be-bfb2-c93afecfe730" testId="fdac08bf-8c81-7f82-a21a-6c62a1c8b596" testName="Azure.Functions.Cli.UnitTests.ActionsTests.AddBundleActionTests.ParseArgs_WithShortChannelFlag_SetsChannelExperimental" computerName="CPC-hakka-8CSZ6" duration="00:00:00.0015030" startTime="2026-05-13T12:02:05.3809671-07:00" endTime="2026-05-13T12:02:05.3809685-07:00" testType="13cdc9d9-ddb5-4fa4-a97d-d965ccfc6d4b" outcome="Passed" testListId="8c84fa94-04c1-424b-9868-57a2d4851a1d" relativeResultsDirectory="de08bf7f-69bc-45be-bfb2-c93afecfe730" />
    <UnitTestResult executionId="77f091b8-6826-415f-8c3e-5c8a914fbd19" testId="1b5d4063-4750-1d3a-641f-0807d18a016c" testName="Azure.Functions.Cli.UnitTests.HelperTests.PythonHelperTests.AssertPythonVersion(pythonVersion: &quot;3.14.0&quot;, expectException: False)" computerName="CPC-hakka-8CSZ6" duration="00:00:00.0000101" startTime="2026-05-13T12:01:50.6367288-07:00" endTime="2026-05-13T12:01:50.6367297-07:00" testType="13cdc9d9-ddb5-4fa4-a97d-d965ccfc6d4b" outcome="Passed" testListId="8c84fa94-04c1-424b-9868-57a2d4851a1d" relativeResultsDirectory="77f091b8-6826-415f-8c3e-5c8a914fbd19" />
    <UnitTestResult executionId="4abf2e6f-3e8a-4839-9a9b-863fb11d7110" testId="9e385149-5502-c286-fd83-6e59207dcd6f" testName="Azure.Functions.Cli.UnitTests.ActionsTests.ListBundleActionTests.HasCorrectActionAttribute_HelpTextDescribesDownloadedBundles" computerName="CPC-hakka-8CSZ6" duration="00:00:00.0011147" startTime="2026-05-13T12:02:05.5631069-07:00" endTime="2026-05-13T12:02:05.5631079-07:00" testType="13cdc9d9-ddb5-4fa4-a97d-d965ccfc6d4b" outcome="Passed" testListId="8c84fa94-04c1-424b-9868-57a2d4851a1d" relativeResultsDirectory="4abf2e6f-3e8a-4839-9a9b-863fb11d7110" />
    <UnitTestResult executionId="83bed3d5-0590-469a-92aa-f06a86d16009" testId="1bed9789-5a53-8653-e897-4bd5d2a64223" testName="Azure.Functions.Cli.UnitTests.HelperTests.ExtensionBundleHelperTests.GetExtensionBundleManager_WhenOffline_SetsEnsureLatestToFalse" computerName="CPC-hakka-8CSZ6" duration="00:00:00.0003100" startTime="2026-05-13T12:01:50.5727317-07:00" endTime="2026-05-13T12:01:50.5727330-07:00" testType="13cdc9d9-ddb5-4fa4-a97d-d965ccfc6d4b" outcome="Passed" testListId="8c84fa94-04c1-424b-9868-57a2d4851a1d" relativeResultsDirectory="83bed3d5-0590-469a-92aa-f06a86d16009" />
    <UnitTestResult executionId="175889d4-f6b3-4134-89fe-e2ca28af52d6" testId="ae3140ff-5f07-6020-f741-69842636de4e" testName="Azure.Functions.Cli.UnitTests.ActionsTests.AddBundleActionTests.ParseArgs_WithChannelFlag_SetsChannelPreview" computerName="CPC-hakka-8CSZ6" duration="00:00:00.0016942" startTime="2026-05-13T12:02:05.3589927-07:00" endTime="2026-05-13T12:02:05.3589940-07:00" testType="13cdc9d9-ddb5-4fa4-a97d-d965ccfc6d4b" outcome="Passed" testListId="8c84fa94-04c1-424b-9868-57a2d4851a1d" relativeResultsDirectory="175889d4-f6b3-4134-89fe-e2ca28af52d6" />
    <UnitTestResult executionId="128c56af-355e-4583-b213-935bc063ed9a" testId="556f0913-71ff-fa1e-78fe-c27d9207a3ff" testName="Azure.Functions.Cli.UnitTests.HelperTests.PythonHelperTests.AssertPythonVersion(pythonVersion: &quot;3.9.0&quot;, expectException: False)" computerName="CPC-hakka-8CSZ6" duration="00:00:00.0013159" startTime="2026-05-13T12:01:50.6345837-07:00" endTime="2026-05-13T12:01:50.6345891-07:00" testType="13cdc9d9-ddb5-4fa4-a97d-d965ccfc6d4b" outcome="Passed" testListId="8c84fa94-04c1-424b-9868-57a2d4851a1d" relativeResultsDirectory="128c56af-355e-4583-b213-935bc063ed9a" />
    <UnitTestResult executionId="3297c4b7-c8ad-4fce-af36-163ac33898da" testId="bb2752e5-56b5-e767-b805-873ad85429ac" testName="Azure.Functions.Cli.UnitTests.ConsoleTests.SslCertificateErrorHelperTests.ContainsSslKeywords_Tests(message: &quot;certificate verify failed&quot;, expected: True)" computerName="CPC-hakka-8CSZ6" duration="00:00:00.0003567" startTime="2026-05-13T12:01:50.5615319-07:00" endTime="2026-05-13T12:01:50.5615325-07:00" testType="13cdc9d9-ddb5-4fa4-a97d-d965ccfc6d4b" outcome="Passed" testListId="8c84fa94-04c1-424b-9868-57a2d4851a1d" relativeResultsDirectory="3297c4b7-c8ad-4fce-af36-163ac33898da" />
    <UnitTestResult executionId="8da565fc-1c27-47a0-9d45-788b8e8a0628" testId="7d8bd048-2aff-f6f8-a27d-1e70f139640b" testName="Azure.Functions.Cli.UnitTests.ActionsTests.StartHostActionTests.ValidateHostRuntimeAsync_MatchesExpectedResults(currentRuntime: Python, hostRuntimeArgument: &quot;inproc8&quot;, validNet8Configuration: False, expectException: True)" computerName="CPC-hakka-8CSZ6" duration="00:00:00.0013048" startTime="2026-05-13T12:01:50.5905190-07:00" endTime="2026-05-13T12:01:50.5905195-07:00" testType="13cdc9d9-ddb5-4fa4-a97d-d965ccfc6d4b" outcome="Passed" testListId="8c84fa94-04c1-424b-9868-57a2d4851a1d" relativeResultsDirectory="8da565fc-1c27-47a0-9d45-788b8e8a0628" />
    <UnitTestResult executionId="ffe5a497-c278-45b2-b7bc-7a08e220e294" testId="da20a52e-fa8d-e0c5-3214-bfe8db5c7bdc" testName="Azure.Functions.Cli.UnitTests.ActionsTests.InitActionGoTests.ParseArgs_WorkerRuntimeGo_Parses" computerName="CPC-hakka-8CSZ6" duration="00:00:00.0391721" startTime="2026-05-13T12:01:50.7726854-07:00" endTime="2026-05-13T12:01:50.7726861-07:00" testType="13cdc9d9-ddb5-4fa4-a97d-d965ccfc6d4b" outcome="Passed" testListId="8c84fa94-04c1-424b-9868-57a2d4851a1d" relativeResultsDirectory="ffe5a497-c278-45b2-b7bc-7a08e220e294" />
    <UnitTestResult executionId="8255ad50-bb37-4f9f-a10b-2ce5a9fcf92e" testId="44150aa0-4092-a9f1-7cae-56ca76d79286" testName="Azure.Functions.Cli.UnitTests.HelperTests.HostHelperTests.GetCustomHandlerExecutable_Throws_When_HostJson_Missing" computerName="CPC-hakka-8CSZ6" duration="00:00:00.0016406" startTime="2026-05-13T12:01:50.6576597-07:00" endTime="2026-05-13T12:01:50.6576632-07:00" testType="13cdc9d9-ddb5-4fa4-a97d-d965ccfc6d4b" outcome="Passed" testListId="8c84fa94-04c1-424b-9868-57a2d4851a1d" relativeResultsDirectory="8255ad50-bb37-4f9f-a10b-2ce5a9fcf92e" />
    <UnitTestResult executionId="cc70dc12-a72f-4e90-97f2-a99c13c8ea22" testId="d009c4d9-d81f-da9e-984a-76af0b43e2ef" testName="Azure.Functions.Cli.UnitTests.HelperTests.ExtensionBundleHelperTests.IsVersionInRange_VariousVersions_ReturnsExpectedResult(version: &quot;4.999.999&quot;, versionRange: &quot;[4.*, 5.0.0)&quot;, expectedResult: True)" computerName="CPC-hakka-8CSZ6" duration="00:00:00.0009080" startTime="2026-05-13T12:01:50.5570828-07:00" endTime="2026-05-13T12:01:50.5570833-07:00" testType="13cdc9d9-ddb5-4fa4-a97d-d965ccfc6d4b" outcome="Passed" testListId="8c84fa94-04c1-424b-9868-57a2d4851a1d" relativeResultsDirectory="cc70dc12-a72f-4e90-97f2-a99c13c8ea22" />
    <UnitTestResult executionId="b1ff2bf6-b201-4385-9ec2-b2fe47462af6" testId="49081837-357a-e67a-5963-7cedebdc4399" testName="Azure.Functions.Cli.UnitTests.HelperTests.PythonHelperTests.AssertPythonVersion(pythonVersion: &quot;3.7.2&quot;, expectException: True)" computerName="CPC-hakka-8CSZ6" duration="00:00:00.0001066" startTime="2026-05-13T12:01:50.6368608-07:00" endTime="2026-05-13T12:01:50.6368615-07:00" testType="13cdc9d9-ddb5-4fa4-a97d-d965ccfc6d4b" outcome="Passed" testListId="8c84fa94-04c1-424b-9868-57a2d4851a1d" relativeResultsDirectory="b1ff2bf6-b201-4385-9ec2-b2fe47462af6" />
    <UnitTestResult executionId="a817433e-de09-421e-8fd1-13b3047a1dbe" testId="85221190-1c39-10a3-214e-d822162a8241" testName="Azure.Functions.Cli.UnitTests.ConsoleTests.ColoredConsoleLoggerTests.IsEnabled_LoggerFilterTests_Tests(inputCategory: &quot;Host.Startup&quot;, inputLogLevel: Information, expected: True)" computerName="CPC-hakka-8CSZ6" duration="00:00:00.0001294" startTime="2026-05-13T12:01:50.5213856-07:00" endTime="2026-05-13T12:01:50.5213861-07:00" testType="13cdc9d9-ddb5-4fa4-a97d-d965ccfc6d4b" outcome="Passed" testListId="8c84fa94-04c1-424b-9868-57a2d4851a1d" relativeResultsDirectory="a817433e-de09-421e-8fd1-13b3047a1dbe" />
    <UnitTestResult executionId="bfc7a1be-a033-44ca-be76-560afaac2970" testId="09f02202-ab2f-37e7-e40f-72206cb1aa9f" testName="Azure.Functions.Cli.UnitTests.ActionsTests.StartHostActionTests.ValidateHostRuntimeAsync_MatchesExpectedResults(currentRuntime: Java, hostRuntimeArgument: &quot;inproc8&quot;, validNet8Configuration: False, expectException: True)" computerName="CPC-hakka-8CSZ6" duration="00:00:00.0014303" startTime="2026-05-13T12:01:50.5842251-07:00" endTime="2026-05-13T12:01:50.5842256-07:00" testType="13cdc9d9-ddb5-4fa4-a97d-d965ccfc6d4b" outcome="Passed" testListId="8c84fa94-04c1-424b-9868-57a2d4851a1d" relativeResultsDirectory="bfc7a1be-a033-44ca-be76-560afaac2970" />
    <UnitTestResult executionId="b75880d8-965e-4589-a962-365293edb7f6" testId="23c7fc75-65e9-5f23-343c-a3e2fdc67e10" testName="Azure.Functions.Cli.UnitTests.ActionsTests.ResolveActionTests.ResolveCommandLineCorrectly(args: &quot;durable delete-task-hub --connection-string-settin&quot;..., returnType: typeof(Azure.Functions.Cli.Actions.DurableActions.DurableDeleteTaskHub))" computerName="CPC-hakka-8CSZ6" duration="00:00:00.0023358" startTime="2026-05-13T12:01:50.8932830-07:00" endTime="2026-05-13T12:01:50.8932871-07:00" testType="13cdc9d9-ddb5-4fa4-a97d-d965ccfc6d4b" outcome="Passed" testListId="8c84fa94-04c1-424b-9868-57a2d4851a1d" relativeResultsDirectory="b75880d8-965e-4589-a962-365293edb7f6" />
    <UnitTestResult executionId="89eaa01a-091d-4619-b389-a25ef57393a9" testId="fe8de908-86e7-aa63-edcc-07693ef5d55d" testName="Azure.Functions.Cli.UnitTests.ActionsTests.DownloadBundleActionTests.HasCorrectActionAttribute" computerName="CPC-hakka-8CSZ6" duration="00:00:00.0016824" startTime="2026-05-13T12:02:05.4111003-07:00" endTime="2026-05-13T12:02:05.4111020-07:00" testType="13cdc9d9-ddb5-4fa4-a97d-d965ccfc6d4b" outcome="Passed" testListId="8c84fa94-04c1-424b-9868-57a2d4851a1d" relativeResultsDirectory="89eaa01a-091d-4619-b389-a25ef57393a9" />
    <UnitTestResult executionId="6df45f13-4d91-40b3-8394-bbe4ec58af81" testId="99ebf142-be49-ed58-bed2-f3cf39eba15a" testName="Azure.Functions.Cli.UnitTests.ConfigurationProfileTests.McpCustomHandlerConfigurationProfileTests.ApplyLocalSettingsAsync_UpdatesExistingFile_WhenFileExists" computerName="CPC-hakka-8CSZ6" duration="00:00:00.0042498" startTime="2026-05-13T12:01:50.9354151-07:00" endTime="2026-05-13T12:01:50.9354200-07:00" testType="13cdc9d9-ddb5-4fa4-a97d-d965ccfc6d4b" outcome="Passed" testListId="8c84fa94-04c1-424b-9868-57a2d4851a1d" relativeResultsDirectory="6df45f13-4d91-40b3-8394-bbe4ec58af81" />
    <UnitTestResult executionId="d981bdff-1525-499b-a0f9-e8f4dddf788c" testId="a33d9740-989f-1e2c-9cfc-28774be982c6" testName="Azure.Functions.Cli.UnitTests.HelperTests.GoHelperTests.AssertGoVersion_ValidatesMinimumVersion(goVersion: &quot;1.20.0&quot;, expectException: True)" computerName="CPC-hakka-8CSZ6" duration="00:00:00.0009967" startTime="2026-05-13T12:01:50.7908187-07:00" endTime="2026-05-13T12:01:50.7908197-07:00" testType="13cdc9d9-ddb5-4fa4-a97d-d965ccfc6d4b" outcome="Passed" testListId="8c84fa94-04c1-424b-9868-57a2d4851a1d" relativeResultsDirectory="d981bdff-1525-499b-a0f9-e8f4dddf788c" />
    <UnitTestResult executionId="8d9b948f-f276-458f-a271-a3a1eb606676" testId="c51dde4e-cdeb-e0b7-d7a7-a825c27b26db" testName="Azure.Functions.Cli.UnitTests.HelperTests.GoHelperTests.InterpreterShouldHaveExecutablePath" computerName="CPC-hakka-8CSZ6" duration="00:00:00.0815026" startTime="2026-05-13T12:01:56.3882809-07:00" endTime="2026-05-13T12:01:56.3882851-07:00" testType="13cdc9d9-ddb5-4fa4-a97d-d965ccfc6d4b" outcome="Passed" testListId="8c84fa94-04c1-424b-9868-57a2d4851a1d" relativeResultsDirectory="8d9b948f-f276-458f-a271-a3a1eb606676" />
    <UnitTestResult executionId="a125ab6d-3e19-4507-940b-59d352546cb4" testId="eeb39d0c-e53b-36b1-5f4e-8ba2b2ef058d" testName="Azure.Functions.Cli.UnitTests.KubernetesTests.KedaV2ResourceTests.GetMsSqlDurableScalar(configuredMaxOrchestrations: 3, configuredMaxActivities: 6, expectedMaxOrchestrations: 3, expectedMaxActivities: 6)" computerName="CPC-hakka-8CSZ6" duration="00:00:00.0016947" startTime="2026-05-13T12:01:50.8096765-07:00" endTime="2026-05-13T12:01:50.8096785-07:00" testType="13cdc9d9-ddb5-4fa4-a97d-d965ccfc6d4b" outcome="Passed" testListId="8c84fa94-04c1-424b-9868-57a2d4851a1d" relativeResultsDirectory="a125ab6d-3e19-4507-940b-59d352546cb4" />
    <UnitTestResult executionId="dbd62924-92bc-4852-81fc-bf5c755ea20d" testId="864cb028-f45f-c3af-1d94-c7fab22d8a39" testName="Azure.Functions.Cli.UnitTests.HelperTests.KubernetesHelperTests.ValidateKubernetesNames(name: &quot;name-with-dashes&quot;, isValid: True)" computerName="CPC-hakka-8CSZ6" duration="00:00:00.0000223" startTime="2026-05-13T12:01:50.6153033-07:00" endTime="2026-05-13T12:01:50.6153040-07:00" testType="13cdc9d9-ddb5-4fa4-a97d-d965ccfc6d4b" outcome="Passed" testListId="8c84fa94-04c1-424b-9868-57a2d4851a1d" relativeResultsDirectory="dbd62924-92bc-4852-81fc-bf5c755ea20d" />
    <UnitTestResult executionId="0f0cb537-f280-44af-867a-896e7104c36b" testId="ba674a66-68e7-e4cc-dc57-c15367991307" testName="Azure.Functions.Cli.UnitTests.HelperTests.OfflineHelperTests.Init_CalledMultipleTimes_ResetsLazy" computerName="CPC-hakka-8CSZ6" duration="00:00:00.0941541" startTime="2026-05-13T12:01:51.5012769-07:00" endTime="2026-05-13T12:01:51.5012873-07:00" testType="13cdc9d9-ddb5-4fa4-a97d-d965ccfc6d4b" outcome="Passed" testListId="8c84fa94-04c1-424b-9868-57a2d4851a1d" relativeResultsDirectory="0f0cb537-f280-44af-867a-896e7104c36b" />
    <UnitTestResult executionId="11a94d90-0619-4aa4-820b-18ad2838b853" testId="61817cbd-66ff-5ff3-3b1f-22921f0942cd" testName="Azure.Functions.Cli.UnitTests.CommonTests.KeyVaultReferencesManagerTests.ResolveKeyVaultReferencesDoesNotThrow(key: &quot;&quot;, value: null)" computerName="CPC-hakka-8CSZ6" duration="00:00:00.0012876" startTime="2026-05-13T12:01:50.6346846-07:00" endTime="2026-05-13T12:01:50.6346855-07:00" testType="13cdc9d9-ddb5-4fa4-a97d-d965ccfc6d4b" outcome="Passed" testListId="8c84fa94-04c1-424b-9868-57a2d4851a1d" relativeResultsDirectory="11a94d90-0619-4aa4-820b-18ad2838b853" />
    <UnitTestResult executionId="7d683469-4130-4069-b605-aa953e350b92" testId="a132fa53-c0b7-0578-d39e-5a0000e49389" testName="Azure.Functions.Cli.UnitTests.HelperTests.EnvironmentHelperTests.GetEnvironmentVariableAsNullableBool_ParsesKnownValues(value: &quot;True&quot;, expected: True)" computerName="CPC-hakka-8CSZ6" duration="00:00:00.0000802" startTime="2026-05-13T12:01:50.6115323-07:00" endTime="2026-05-13T12:01:50.6115328-07:00" testType="13cdc9d9-ddb5-4fa4-a97d-d965ccfc6d4b" outcome="Passed" testListId="8c84fa94-04c1-424b-9868-57a2d4851a1d" relativeResultsDirectory="7d683469-4130-4069-b605-aa953e350b92" />
    <UnitTestResult executionId="649325aa-d6d8-4782-81ae-e455a5103b1a" testId="2c06dfe0-1a14-9225-0d50-1d2dfd1ea851" testName="Azure.Functions.Cli.UnitTests.ActionsTests.ResolveActionTests.ResolveCommandLineCorrectly(args: &quot;azure account list&quot;, returnType: typeof(Azure.Functions.Cli.Actions.AzureActions.DeprecatedAzureActions))" computerName="CPC-hakka-8CSZ6" duration="00:00:00.0012914" startTime="2026-05-13T12:01:50.8922076-07:00" endTime="2026-05-13T12:01:50.8922122-07:00" testType="13cdc9d9-ddb5-4fa4-a97d-d965ccfc6d4b" outcome="Passed" testListId="8c84fa94-04c1-424b-9868-57a2d4851a1d" relativeResultsDirectory="649325aa-d6d8-4782-81ae-e455a5103b1a" />
    <UnitTestResult executionId="ca22ee72-a512-439e-b6c4-61301e36f80a" testId="959d7790-8891-06e7-04e0-3516ef6e0ff0" testName="Azure.Functions.Cli.UnitTests.CommonTests.TemplatesManagerTests.TemplatesManager_CanBeInstantiated" computerName="CPC-hakka-8CSZ6" duration="00:00:00.0023743" startTime="2026-05-13T12:02:03.9989790-07:00" endTime="2026-05-13T12:02:03.9989808-07:00" testType="13cdc9d9-ddb5-4fa4-a97d-d965ccfc6d4b" outcome="Passed" testListId="8c84fa94-04c1-424b-9868-57a2d4851a1d" relativeResultsDirectory="ca22ee72-a512-439e-b6c4-61301e36f80a" />
    <UnitTestResult executionId="2cfd86f9-450c-42ab-9091-208396e14c29" testId="4aa19900-10b2-2e1c-cb9f-50fa8591da5f" testName="Azure.Functions.Cli.UnitTests.CommonTests.KeyVaultReferencesManagerTests.ResolveKeyVaultReferencesDoesNotThrow(key: &quot;testKey&quot;, value: &quot;testValue: {\&quot;nestedKey\&quot;: \&quot;nestedValue\&quot;}&quot;)" computerName="CPC-hakka-8CSZ6" duration="00:00:00.0014094" startTime="2026-05-13T12:01:50.6370262-07:00" endTime="2026-05-13T12:01:50.6370268-07:00" testType="13cdc9d9-ddb5-4fa4-a97d-d965ccfc6d4b" outcome="Passed" testListId="8c84fa94-04c1-424b-9868-57a2d4851a1d" relativeResultsDirectory="2cfd86f9-450c-42ab-9091-208396e14c29" />
    <UnitTestResult executionId="85b5a2f7-cb34-43fa-a90e-53364e5d803a" testId="44623684-0b8c-2da8-ab43-cae34f2f792b" testName="Azure.Functions.Cli.UnitTests.ActionsTests.ListBundleActionTests.HasCorrectActionAttribute" computerName="CPC-hakka-8CSZ6" duration="00:00:00.0011390" startTime="2026-05-13T12:02:05.5915912-07:00" endTime="2026-05-13T12:02:05.5915917-07:00" testType="13cdc9d9-ddb5-4fa4-a97d-d965ccfc6d4b" outcome="Passed" testListId="8c84fa94-04c1-424b-9868-57a2d4851a1d" relativeResultsDirectory="85b5a2f7-cb34-43fa-a90e-53364e5d803a" />
    <UnitTestResult executionId="6ed85141-682f-4b8f-8d27-ff8e92ba9f1b" testId="2ab74a16-9fb5-cb5a-7b9e-fa7609531b28" testName="Azure.Functions.Cli.UnitTests.HelperTests.KubernetesHelperTests.ValidateKubernetesNames(name: &quot;name-with-numbers-938-234&quot;, isValid: True)" computerName="CPC-hakka-8CSZ6" duration="00:00:00.0000179" startTime="2026-05-13T12:01:50.6153738-07:00" endTime="2026-05-13T12:01:50.6153746-07:00" testType="13cdc9d9-ddb5-4fa4-a97d-d965ccfc6d4b" outcome="Passed" testListId="8c84fa94-04c1-424b-9868-57a2d4851a1d" relativeResultsDirectory="6ed85141-682f-4b8f-8d27-ff8e92ba9f1b" />
    <UnitTestResult executionId="90723fd5-5eb3-4ec0-9a59-3160b7674287" testId="fa411606-e46c-4af7-8779-8fb946a4d856" testName="Azure.Functions.Cli.UnitTests.CommonTests.KeyVaultReferencesManagerTests.ParseSecretEmitsWarningWithUnsuccessfullyMatchedKeyVaultReferences(key: &quot;test&quot;, value: &quot;@Microsoft.KeyVault(SecretName=vault;)&quot;, attemptedKeyVaultReference: True)" computerName="CPC-hakka-8CSZ6" duration="00:00:00.0046088" startTime="2026-05-13T12:01:50.6247900-07:00" endTime="2026-05-13T12:01:50.6247951-07:00" testType="13cdc9d9-ddb5-4fa4-a97d-d965ccfc6d4b" outcome="Passed" testListId="8c84fa94-04c1-424b-9868-57a2d4851a1d" relativeResultsDirectory="90723fd5-5eb3-4ec0-9a59-3160b7674287" />
    <UnitTestResult executionId="59db291f-2145-4eed-ae59-35e8359c7e0f" testId="279ffc87-e3a5-26b1-630f-c4b01dcfbd7d" testName="Azure.Functions.Cli.UnitTests.ActionsTests.ListBundleActionTests.RunAsync_WithBundlesConfigured_BundleExists_ListsBundle" computerName="CPC-hakka-8CSZ6" duration="00:00:00.0077361" startTime="2026-05-13T12:02:05.5736566-07:00" endTime="2026-05-13T12:02:05.5736579-07:00" testType="13cdc9d9-ddb5-4fa4-a97d-d965ccfc6d4b" outcome="Passed" testListId="8c84fa94-04c1-424b-9868-57a2d4851a1d" relativeResultsDirectory="59db291f-2145-4eed-ae59-35e8359c7e0f" />
    <UnitTestResult executionId="9ddd2ec1-54c5-42a8-bd2c-a23bb6a6e795" testId="32c1ad9e-f48d-b4c8-ea54-8f3fad294b8f" testName="Azure.Functions.Cli.UnitTests.HelperTests.HostHelperTests.GetCustomHandlerExecutable_Returns_Empty_When_ExecutablePath_Missing" computerName="CPC-hakka-8CSZ6" duration="00:00:00.2224409" startTime="2026-05-13T12:01:50.6498302-07:00" endTime="2026-05-13T12:01:50.6498344-07:00" testType="13cdc9d9-ddb5-4fa4-a97d-d965ccfc6d4b" outcome="Passed" testListId="8c84fa94-04c1-424b-9868-57a2d4851a1d" relativeResultsDirectory="9ddd2ec1-54c5-42a8-bd2c-a23bb6a6e795" />
    <UnitTestResult executionId="2c3145f0-f686-4508-a187-d671e9f9304b" testId="5da09f37-9eeb-9b63-18bd-7fb0b59560dc" testName="Azure.Functions.Cli.UnitTests.HelperTests.ExtensionBundleHelperTests.VersionRangesIntersect_VariousRanges_ReturnsExpectedResult(range1: &quot;[4.0.0, 4.5.0)&quot;, range2: &quot;[4.2.0, 5.0.0)&quot;, expectedIntersect: True)" computerName="CPC-hakka-8CSZ6" duration="00:00:00.0003644" startTime="2026-05-13T12:01:50.5687755-07:00" endTime="2026-05-13T12:01:50.5687760-07:00" testType="13cdc9d9-ddb5-4fa4-a97d-d965ccfc6d4b" outcome="Passed" testListId="8c84fa94-04c1-424b-9868-57a2d4851a1d" relativeResultsDirectory="2c3145f0-f686-4508-a187-d671e9f9304b" />
    <UnitTestResult executionId="6cd93acd-c596-46f6-aad7-e2bb1f218a42" testId="aeb5247b-55c9-2783-653d-706eb0a5b9bb" testName="Azure.Functions.Cli.UnitTests.HelperTests.OfflineHelperTests.IsOfflineAsync_DoesNotThrow" computerName="CPC-hakka-8CSZ6" duration="00:00:00.4695854" startTime="2026-05-13T12:01:50.9641274-07:00" endTime="2026-05-13T12:01:50.9641323-07:00" testType="13cdc9d9-ddb5-4fa4-a97d-d965ccfc6d4b" outcome="Passed" testListId="8c84fa94-04c1-424b-9868-57a2d4851a1d" relativeResultsDirectory="6cd93acd-c596-46f6-aad7-e2bb1f218a42" />
    <UnitTestResult executionId="65732789-6a0e-41ba-b2a2-5e039bbba0d2" testId="2a7c098c-632c-f868-b1ca-f3e690b65b65" testName="Azure.Functions.Cli.UnitTests.HelperTests.HostHelperTests.GetCustomHandlerExecutable_Returns_Empty_When_CustomHandler_Missing" computerName="CPC-hakka-8CSZ6" duration="00:00:00.0023578" startTime="2026-05-13T12:01:50.6522075-07:00" endTime="2026-05-13T12:01:50.6522084-07:00" testType="13cdc9d9-ddb5-4fa4-a97d-d965ccfc6d4b" outcome="Passed" testListId="8c84fa94-04c1-424b-9868-57a2d4851a1d" relativeResultsDirectory="65732789-6a0e-41ba-b2a2-5e039bbba0d2" />
    <UnitTestResult executionId="65dcbee4-f2a7-485d-b208-2e139693ed93" testId="5767f88d-22f1-f604-4172-0295b682516e" testName="Azure.Functions.Cli.UnitTests.ActionsTests.StartHostActionTests.RequiresExtensionBundles_ReturnsExpectedResult(runtime: Python, expected: True)" computerName="CPC-hakka-8CSZ6" duration="00:00:00.0000038" startTime="2026-05-13T12:01:50.8041423-07:00" endTime="2026-05-13T12:01:50.8041430-07:00" testType="13cdc9d9-ddb5-4fa4-a97d-d965ccfc6d4b" outcome="Passed" testListId="8c84fa94-04c1-424b-9868-57a2d4851a1d" relativeResultsDirectory="65dcbee4-f2a7-485d-b208-2e139693ed93" />
    <UnitTestResult executionId="1a0e4cea-d9bf-468d-81d8-945c8247bd25" testId="e74d07b4-f52d-0336-2957-3311907c5761" testName="Azure.Functions.Cli.UnitTests.HelperTests.PythonHelperTests.ShouldHaveMatchingLinuxFxVersion(linuxFxVersion: &quot;Python|3.13&quot;, major: 3, minor: 13, expectedResult: True)" computerName="CPC-hakka-8CSZ6" duration="00:00:00.0000056" startTime="2026-05-13T12:01:50.6410641-07:00" endTime="2026-05-13T12:01:50.6410646-07:00" testType="13cdc9d9-ddb5-4fa4-a97d-d965ccfc6d4b" outcome="Passed" testListId="8c84fa94-04c1-424b-9868-57a2d4851a1d" relativeResultsDirectory="1a0e4cea-d9bf-468d-81d8-945c8247bd25" />
    <UnitTestResult executionId="cca6eba8-8d4d-4c30-bf8f-b77e7b090407" testId="6d22c988-cb6a-6262-ccca-37d3d7075436" testName="Azure.Functions.Cli.UnitTests.ActionsTests.ResolveActionTests.ResolveCommandLineCorrectly(args: &quot;azure storage fetch-connection-string storageName&quot;, returnType: typeof(Azure.Functions.Cli.Actions.AzureActions.AddStorageAccountSettingAction))" computerName="CPC-hakka-8CSZ6" duration="00:00:00.0310441" startTime="2026-05-13T12:01:50.8656716-07:00" endTime="2026-05-13T12:01:50.8656798-07:00" testType="13cdc9d9-ddb5-4fa4-a97d-d965ccfc6d4b" outcome="Passed" testListId="8c84fa94-04c1-424b-9868-57a2d4851a1d" relativeResultsDirectory="cca6eba8-8d4d-4c30-bf8f-b77e7b090407" />
    <UnitTestResult executionId="b153ff01-c7df-452f-a26d-06e7690c8ea9" testId="7701b8ac-81d5-7a84-59bc-27341804c841" testName="Azure.Functions.Cli.UnitTests.HelperTests.GoHelperTests.AssertLinuxAmd64Binary_BinaryMissing_ThrowsActionableCliException" computerName="CPC-hakka-8CSZ6" duration="00:00:00.0020469" startTime="2026-05-13T12:01:53.4970041-07:00" endTime="2026-05-13T12:01:53.4970087-07:00" testType="13cdc9d9-ddb5-4fa4-a97d-d965ccfc6d4b" outcome="Passed" testListId="8c84fa94-04c1-424b-9868-57a2d4851a1d" relativeResultsDirectory="b153ff01-c7df-452f-a26d-06e7690c8ea9" />
    <UnitTestResult executionId="8683c736-b8a4-4320-b865-22af2273a555" testId="48797ada-1d79-5790-3765-2ac34982f9e5" testName="Azure.Functions.Cli.UnitTests.HelperTests.ExtensionBundleHelperTests.VersionRangesIntersect_DeprecationScenarios_ReturnsExpectedResult(localVersion: &quot;[3.3.0, 4.0.0)&quot;, defaultVersion: &quot;[4.*, 5.0.0)&quot;, shouldIntersect: False)" computerName="CPC-hakka-8CSZ6" duration="00:00:00.0000194" startTime="2026-05-13T12:01:50.5704653-07:00" endTime="2026-05-13T12:01:50.5704658-07:00" testType="13cdc9d9-ddb5-4fa4-a97d-d965ccfc6d4b" outcome="Passed" testListId="8c84fa94-04c1-424b-9868-57a2d4851a1d" relativeResultsDirectory="8683c736-b8a4-4320-b865-22af2273a555" />
    <UnitTestResult executionId="c1a7b3cc-81e8-4868-9cc0-f03669cc75f5" testId="66d2d434-b6f4-7f55-7108-5d536c4262a9" testName="Azure.Functions.Cli.UnitTests.HelperTests.OfflineHelperTests.MarkAsOffline_IsIdempotent" computerName="CPC-hakka-8CSZ6" duration="00:00:00.0003103" startTime="2026-05-13T12:01:50.5390889-07:00" endTime="2026-05-13T12:01:50.5390895-07:00" testType="13cdc9d9-ddb5-4fa4-a97d-d965ccfc6d4b" outcome="Passed" testListId="8c84fa94-04c1-424b-9868-57a2d4851a1d" relativeResultsDirectory="c1a7b3cc-81e8-4868-9cc0-f03669cc75f5" />
    <UnitTestResult executionId="b71affb4-d4d7-43a5-8d5d-3bf76d7b92e8" testId="07b9ae59-26b9-459a-3f31-1c3e33ad25be" testName="Azure.Functions.Cli.UnitTests.ActionsTests.InitActionGoTests.ResolveNativeWorkerRuntime_WithGoMod_ResolvesToGo(settingValue: &quot;NATIVE&quot;)" computerName="CPC-hakka-8CSZ6" duration="00:00:00.0008009" startTime="2026-05-13T12:01:50.7303932-07:00" endTime="2026-05-13T12:01:50.7303938-07:00" testType="13cdc9d9-ddb5-4fa4-a97d-d965ccfc6d4b" outcome="Passed" testListId="8c84fa94-04c1-424b-9868-57a2d4851a1d" relativeResultsDirectory="b71affb4-d4d7-43a5-8d5d-3bf76d7b92e8" />
    <UnitTestResult executionId="bdf309ae-863b-4ca6-bd11-0103ee5d1446" testId="3d39a8ab-6df9-dd42-d3d2-3b4e88b34712" testName="Azure.Functions.Cli.UnitTests.ParserTests.RequirementsTxtParserTests.ShouldReturnPackageWithSpecAndEnvironmentMarker" computerName="CPC-hakka-8CSZ6" duration="00:00:00.0264114" startTime="2026-05-13T12:01:50.9717886-07:00" endTime="2026-05-13T12:01:50.9717932-07:00" testType="13cdc9d9-ddb5-4fa4-a97d-d965ccfc6d4b" outcome="Passed" testListId="8c84fa94-04c1-424b-9868-57a2d4851a1d" relativeResultsDirectory="bdf309ae-863b-4ca6-bd11-0103ee5d1446" />
    <UnitTestResult executionId="3a3dde5d-93c2-4f66-984e-4c26f3dfb188" testId="cae00804-dccf-790c-9d69-4ea412b09c63" testName="Azure.Functions.Cli.UnitTests.HelperTests.LoggingFilterHelperTests.LoggingFilterHelper_Tests(categoryKey: &quot;Host.Startup&quot;, verboseLogging: True, expectedDefaultLogLevel: Information)" computerName="CPC-hakka-8CSZ6" duration="00:00:00.0000188" startTime="2026-05-13T12:01:50.7365158-07:00" endTime="2026-05-13T12:01:50.7365166-07:00" testType="13cdc9d9-ddb5-4fa4-a97d-d965ccfc6d4b" outcome="Passed" testListId="8c84fa94-04c1-424b-9868-57a2d4851a1d" relativeResultsDirectory="3a3dde5d-93c2-4f66-984e-4c26f3dfb188" />
    <UnitTestResult executionId="273bffca-680e-4515-b734-ca58df70707b" testId="ddf467cb-96c2-145a-f323-0b924c5c38fe" testName="Azure.Functions.Cli.UnitTests.ActionsTests.StartHostActionTests.ValidateHostRuntimeAsync_MatchesExpectedResults(currentRuntime: Dotnet, hostRuntimeArgument: &quot;somevalue&quot;, validNet8Configuration: False, expectException: True)" computerName="CPC-hakka-8CSZ6" duration="00:00:00.0013029" startTime="2026-05-13T12:01:50.6907553-07:00" endTime="2026-05-13T12:01:50.6907575-07:00" testType="13cdc9d9-ddb5-4fa4-a97d-d965ccfc6d4b" outcome="Passed" testListId="8c84fa94-04c1-424b-9868-57a2d4851a1d" relativeResultsDirectory="273bffca-680e-4515-b734-ca58df70707b" />
    <UnitTestResult executionId="1e58b301-a724-4f0c-b326-aaaa43d9dfaf" testId="cd535062-5a07-b66a-9d8b-02962f8c264c" testName="Azure.Functions.Cli.UnitTests.HelperTests.ExtensionBundleHelperTests.VersionRangesIntersect_DeprecationScenarios_ReturnsExpectedResult(localVersion: &quot;[2.*, 3.0.0)&quot;, defaultVersion: &quot;[4.*, 5.0.0)&quot;, shouldIntersect: False)" computerName="CPC-hakka-8CSZ6" duration="00:00:00.0000231" startTime="2026-05-13T12:01:50.5703976-07:00" endTime="2026-05-13T12:01:50.5703981-07:00" testType="13cdc9d9-ddb5-4fa4-a97d-d965ccfc6d4b" outcome="Passed" testListId="8c84fa94-04c1-424b-9868-57a2d4851a1d" relativeResultsDirectory="1e58b301-a724-4f0c-b326-aaaa43d9dfaf" />
    <UnitTestResult executionId="f48376c5-7a2f-4788-8b29-b9f88f037bdb" testId="5425bcee-6654-0dba-2498-43849fa9dda2" testName="Azure.Functions.Cli.UnitTests.ConfigurationProfileTests.McpCustomHandlerConfigurationProfileTests.ApplyHostJsonAsync_WithForce_OverwritesExistingConfiguration" computerName="CPC-hakka-8CSZ6" duration="00:00:00.0032399" startTime="2026-05-13T12:01:50.9485438-07:00" endTime="2026-05-13T12:01:50.9485476-07:00" testType="13cdc9d9-ddb5-4fa4-a97d-d965ccfc6d4b" outcome="Passed" testListId="8c84fa94-04c1-424b-9868-57a2d4851a1d" relativeResultsDirectory="f48376c5-7a2f-4788-8b29-b9f88f037bdb" />
    <UnitTestResult executionId="ba7224fb-f1c5-4c7c-b64e-87c8f5f7a5c0" testId="b2e640b1-b342-b494-6511-c1a5d1dbeeef" testName="Azure.Functions.Cli.UnitTests.HelperTests.GoHelperTests.BuildForLinux_ValidProject_ProducesLinuxAmd64Binary" computerName="CPC-hakka-8CSZ6" duration="00:00:01.2532518" startTime="2026-05-13T12:01:54.8406674-07:00" endTime="2026-05-13T12:01:54.8406715-07:00" testType="13cdc9d9-ddb5-4fa4-a97d-d965ccfc6d4b" outcome="Passed" testListId="8c84fa94-04c1-424b-9868-57a2d4851a1d" relativeResultsDirectory="ba7224fb-f1c5-4c7c-b64e-87c8f5f7a5c0" />
    <UnitTestResult executionId="dea7d4a9-d219-4ee5-a200-7e7c6ec31464" testId="33c7512e-f468-df68-9d19-851a2d1a4f04" testName="Azure.Functions.Cli.UnitTests.ActionsTests.InitActionGoTests.ResolveNativeWorkerRuntime_WithoutGoMod_Throws" computerName="CPC-hakka-8CSZ6" duration="00:00:00.0012812" startTime="2026-05-13T12:01:50.7176028-07:00" endTime="2026-05-13T12:01:50.7176066-07:00" testType="13cdc9d9-ddb5-4fa4-a97d-d965ccfc6d4b" outcome="Passed" testListId="8c84fa94-04c1-424b-9868-57a2d4851a1d" relativeResultsDirectory="dea7d4a9-d219-4ee5-a200-7e7c6ec31464" />
    <UnitTestResult executionId="23c9e71e-0e94-4298-98c6-adc08d36c8bd" testId="570a5345-b288-c6bf-1b1c-ae896953dc82" testName="Azure.Functions.Cli.UnitTests.ActionsTests.StartHostActionTests.GetConfigurationSettings_OverwritesAzFuncEnvironment_WhenAlreadyInSecrets" computerName="CPC-hakka-8CSZ6" duration="00:00:00.0267921" startTime="2026-05-13T12:01:50.8423716-07:00" endTime="2026-05-13T12:01:50.8423751-07:00" testType="13cdc9d9-ddb5-4fa4-a97d-d965ccfc6d4b" outcome="Passed" testListId="8c84fa94-04c1-424b-9868-57a2d4851a1d" relativeResultsDirectory="23c9e71e-0e94-4298-98c6-adc08d36c8bd" />
    <UnitTestResult executionId="4242202b-fd1e-4054-b045-fa0ed2982c39" testId="01d2a8bf-cd8e-86af-4a57-a52280f54783" testName="Azure.Functions.Cli.UnitTests.ConsoleTests.ColoredConsoleLoggerTests.IsEnabled_LoggerFilterTests_Tests(inputCategory: &quot;Host.General&quot;, inputLogLevel: Debug, expected: False)" computerName="CPC-hakka-8CSZ6" duration="00:00:00.0000625" startTime="2026-05-13T12:01:50.5210051-07:00" endTime="2026-05-13T12:01:50.5210056-07:00" testType="13cdc9d9-ddb5-4fa4-a97d-d965ccfc6d4b" outcome="Passed" testListId="8c84fa94-04c1-424b-9868-57a2d4851a1d" relativeResultsDirectory="4242202b-fd1e-4054-b045-fa0ed2982c39" />
    <UnitTestResult executionId="6f3a6feb-abb7-49de-b00e-1bc9ee8c646a" testId="79bea64e-54c1-85cc-64d3-f170ff5c6de3" testName="Azure.Functions.Cli.UnitTests.ActionsTests.ListBundleActionTests.RunAsync_WithHostJsonWithoutBundles_OutputsConfigurationMessage" computerName="CPC-hakka-8CSZ6" duration="00:00:00.0030320" startTime="2026-05-13T12:02:05.5618744-07:00" endTime="2026-05-13T12:02:05.5618755-07:00" testType="13cdc9d9-ddb5-4fa4-a97d-d965ccfc6d4b" outcome="Passed" testListId="8c84fa94-04c1-424b-9868-57a2d4851a1d" relativeResultsDirectory="6f3a6feb-abb7-49de-b00e-1bc9ee8c646a" />
    <UnitTestResult executionId="4c9af752-4cce-4fd0-a0a8-de6d317633ce" testId="0a7437f4-3312-70bb-7881-a0f8a69a741a" testName="Azure.Functions.Cli.UnitTests.HelperTests.ExtensionBundleHelperTests.TryGetCachedBundle_SimulatesNetworkFailureNoCache_ReturnsFalse" computerName="CPC-hakka-8CSZ6" duration="00:00:00.0006501" startTime="2026-05-13T12:01:50.7057765-07:00" endTime="2026-05-13T12:01:50.7057810-07:00" testType="13cdc9d9-ddb5-4fa4-a97d-d965ccfc6d4b" outcome="Passed" testListId="8c84fa94-04c1-424b-9868-57a2d4851a1d" relativeResultsDirectory="4c9af752-4cce-4fd0-a0a8-de6d317633ce" />
    <UnitTestResult executionId="b03ba77d-0121-4eb5-8200-7b5f4f002a27" testId="347d41f2-2207-ee49-0668-ed4d90fcdf08" testName="Azure.Functions.Cli.UnitTests.HelperTests.ExtensionBundleHelperTests.ParseVersionRange_ValidRange_ReturnsCorrectBounds(range: &quot;[4.*, 5.0.0)&quot;, expectedStart: &quot;4.0.0&quot;, expectedEnd: &quot;5.0.0&quot;)" computerName="CPC-hakka-8CSZ6" duration="00:00:00.0000230" startTime="2026-05-13T12:01:50.5245550-07:00" endTime="2026-05-13T12:01:50.5245559-07:00" testType="13cdc9d9-ddb5-4fa4-a97d-d965ccfc6d4b" outcome="Passed" testListId="8c84fa94-04c1-424b-9868-57a2d4851a1d" relativeResultsDirectory="b03ba77d-0121-4eb5-8200-7b5f4f002a27" />
    <UnitTestResult executionId="48fd2790-b837-47e7-9ad2-121bd5318696" testId="9dba5a45-0502-d617-a8c9-9a43740c731e" testName="Azure.Functions.Cli.UnitTests.ActionsTests.ResolveActionTests.ResolveCommandLineCorrectly(args: &quot;durable terminate --id ab1b5de4c5a9450eafa5a4cf249&quot;..., returnType: typeof(Azure.Functions.Cli.Actions.DurableActions.DurableTerminate))" computerName="CPC-hakka-8CSZ6" duration="00:00:00.0022587" startTime="2026-05-13T12:01:50.8736907-07:00" endTime="2026-05-13T12:01:50.8736912-07:00" testType="13cdc9d9-ddb5-4fa4-a97d-d965ccfc6d4b" outcome="Passed" testListId="8c84fa94-04c1-424b-9868-57a2d4851a1d" relativeResultsDirectory="48fd2790-b837-47e7-9ad2-121bd5318696" />
    <UnitTestResult executionId="98bd355d-b204-4c60-9db6-b0f1cfa43763" testId="06ed08c6-72af-1e12-e8b2-cdc904bffc10" testName="Azure.Functions.Cli.UnitTests.ActionsTests.ResolveActionTests.ResolveCommandLineCorrectly(args: &quot;function create&quot;, returnType: typeof(Azure.Functions.Cli.Actions.LocalActions.CreateFunctionAction))" computerName="CPC-hakka-8CSZ6" duration="00:00:00.0075554" startTime="2026-05-13T12:01:50.8245788-07:00" endTime="2026-05-13T12:01:50.8245826-07:00" testType="13cdc9d9-ddb5-4fa4-a97d-d965ccfc6d4b" outcome="Passed" testListId="8c84fa94-04c1-424b-9868-57a2d4851a1d" relativeResultsDirectory="98bd355d-b204-4c60-9db6-b0f1cfa43763" />
    <UnitTestResult executionId="728090be-8a82-49a1-82cc-243baa018a04" testId="4f907200-8fa5-9020-5858-1f945fc68200" testName="Azure.Functions.Cli.UnitTests.HelperTests.ExtensionBundleHelperTests.IsNetworkException_HttpRequestExceptionWithNullStatusCode_ReturnsTrue" computerName="CPC-hakka-8CSZ6" duration="00:00:00.0001581" startTime="2026-05-13T12:01:50.5998836-07:00" endTime="2026-05-13T12:01:50.5998858-07:00" testType="13cdc9d9-ddb5-4fa4-a97d-d965ccfc6d4b" outcome="Passed" testListId="8c84fa94-04c1-424b-9868-57a2d4851a1d" relativeResultsDirectory="728090be-8a82-49a1-82cc-243baa018a04" />
    <UnitTestResult executionId="bf405a2a-5acd-472a-94da-6a6271920e6a" testId="13d844a5-c701-0c67-5bdb-960b95c1fcb1" testName="Azure.Functions.Cli.UnitTests.HelperTests.PythonHelperTests.ShouldHaveMatchingLinuxFxVersion(linuxFxVersion: &quot;Python|3.10&quot;, major: 3, minor: 10, expectedResult: True)" computerName="CPC-hakka-8CSZ6" duration="00:00:00.0000055" startTime="2026-05-13T12:01:50.6384958-07:00" endTime="2026-05-13T12:01:50.6384966-07:00" testType="13cdc9d9-ddb5-4fa4-a97d-d965ccfc6d4b" outcome="Passed" testListId="8c84fa94-04c1-424b-9868-57a2d4851a1d" relativeResultsDirectory="bf405a2a-5acd-472a-94da-6a6271920e6a" />
    <UnitTestResult executionId="8e9aa074-d2b1-4e5a-8123-9404455ab95f" testId="0173e3ce-19c5-5c6f-d5d1-af0f2eb92502" testName="Azure.Functions.Cli.UnitTests.HelperTests.AzureHelperTests.GetFunctionKeyTest(key: &quot;another-key&quot;, value: &quot;another-value&quot;)" computerName="CPC-hakka-8CSZ6" duration="00:00:00.0041620" startTime="2026-05-13T12:01:50.9702436-07:00" endTime="2026-05-13T12:01:50.9702481-07:00" testType="13cdc9d9-ddb5-4fa4-a97d-d965ccfc6d4b" outcome="Passed" testListId="8c84fa94-04c1-424b-9868-57a2d4851a1d" relativeResultsDirectory="8e9aa074-d2b1-4e5a-8123-9404455ab95f" />
    <UnitTestResult executionId="92dc05e7-2902-4ba3-85cf-7e4378ad3920" testId="af7f5197-cda0-7a56-74f7-8fcb44cfb775" testName="Azure.Functions.Cli.UnitTests.ActionsTests.PackAction.CustomPackSubcommandActionTests.ValidateCustomHandlerFunctionApp_MissingHostJson_Throws" computerName="CPC-hakka-8CSZ6" duration="00:00:00.0019982" startTime="2026-05-13T12:01:50.7458798-07:00" endTime="2026-05-13T12:01:50.7458806-07:00" testType="13cdc9d9-ddb5-4fa4-a97d-d965ccfc6d4b" outcome="Passed" testListId="8c84fa94-04c1-424b-9868-57a2d4851a1d" relativeResultsDirectory="92dc05e7-2902-4ba3-85cf-7e4378ad3920" />
    <UnitTestResult executionId="268a9f51-03e2-4cfb-a9a0-bbbb36adb605" testId="05b8b19c-57a1-ca94-836d-1c7770c0d093" testName="Azure.Functions.Cli.UnitTests.ConsoleTests.SslCertificateErrorHelperTests.ContainsSslKeywords_Tests(message: &quot;gRPC channel failed&quot;, expected: False)" computerName="CPC-hakka-8CSZ6" duration="00:00:00.0000083" startTime="2026-05-13T12:01:50.5616843-07:00" endTime="2026-05-13T12:01:50.5616849-07:00" testType="13cdc9d9-ddb5-4fa4-a97d-d965ccfc6d4b" outcome="Passed" testListId="8c84fa94-04c1-424b-9868-57a2d4851a1d" relativeResultsDirectory="268a9f51-03e2-4cfb-a9a0-bbbb36adb605" />
[...]
    <TestEntry testId="f4936286-194a-b0c1-ee42-c41325082a39" executionId="11a766ad-8631-47e1-9393-49a18ba7b075" testListId="8c84fa94-04c1-424b-9868-57a2d4851a1d" />
    <TestEntry testId="eb9c804b-ee21-83a6-9cde-f0a974761b5d" executionId="5cab603b-37ff-4abd-8214-7c00ee9862d3" testListId="8c84fa94-04c1-424b-9868-57a2d4851a1d" />
    <TestEntry testId="61ca531e-4f04-17ba-eaaf-518fc634d3dc" executionId="5621d88b-f882-428d-8d03-eb4d9b352f8f" testListId="8c84fa94-04c1-424b-9868-57a2d4851a1d" />
    <TestEntry testId="0c5e74af-09e4-318c-f212-8f59037a8bbb" executionId="f3ea6512-93c9-4ad3-8275-5f4e82f56f85" testListId="8c84fa94-04c1-424b-9868-57a2d4851a1d" />
    <TestEntry testId="63d63d2a-816d-0aa5-0ef7-c94324a65b7a" executionId="9b969405-5e37-4585-8909-99e5416bdf49" testListId="8c84fa94-04c1-424b-9868-57a2d4851a1d" />
    <TestEntry testId="5ebf4cac-6a61-7a40-8526-e6e327f214df" executionId="a41504cb-e153-40b8-aa35-e1d56fe2f09c" testListId="8c84fa94-04c1-424b-9868-57a2d4851a1d" />
    <TestEntry testId="d4ce7982-93d8-3fd0-77fb-76d3761d6c30" executionId="fba80a83-319d-4bd3-a4e0-f65c15f56a94" testListId="8c84fa94-04c1-424b-9868-57a2d4851a1d" />
    <TestEntry testId="6bb6e71b-3b28-31e7-a55b-5578722ee9a1" executionId="eba984b6-ffdc-4676-a0bf-ce8b8307859a" testListId="8c84fa94-04c1-424b-9868-57a2d4851a1d" />
    <TestEntry testId="e6498344-3f48-7e3f-f1b5-9b366688662c" executionId="60df77a7-7577-4357-88b6-47b8fb211de0" testListId="8c84fa94-04c1-424b-9868-57a2d4851a1d" />
    <TestEntry testId="dc24d9a4-fe29-73eb-ef8b-5cfa9c72f775" executionId="557d6cb8-47c4-41a3-8d58-6100e57dfa68" testListId="8c84fa94-04c1-424b-9868-57a2d4851a1d" />
    <TestEntry testId="e0f1c701-6746-e0d3-72bd-5d2c8237930c" executionId="379e356a-e2dc-424b-b9de-dc2d0ce5f13f" testListId="8c84fa94-04c1-424b-9868-57a2d4851a1d" />
    <TestEntry testId="7000e105-ab78-2c49-9baf-33535eda06e3" executionId="f6290128-ba35-4812-87fb-d82596a99844" testListId="8c84fa94-04c1-424b-9868-57a2d4851a1d" />
    <TestEntry testId="b419df31-c4c3-caa1-6578-126003b211d2" executionId="e802eb0e-4ca3-4835-9053-cde37a81aba7" testListId="8c84fa94-04c1-424b-9868-57a2d4851a1d" />
    <TestEntry testId="4a278c2c-d7c5-ba17-a645-6b64674f4efc" executionId="a13e7e1d-7aff-43fb-b7bf-16be329d1813" testListId="8c84fa94-04c1-424b-9868-57a2d4851a1d" />
    <TestEntry testId="9c7863d5-c641-c2b5-0841-77028c07a0bb" executionId="d5acbef7-9da3-491f-b892-c09baf433fff" testListId="8c84fa94-04c1-424b-9868-57a2d4851a1d" />
    <TestEntry testId="1015ab2c-cbc9-c8c7-4a5e-49f956176ead" executionId="3080dbe8-ce56-4daf-9312-e3e56ee352dc" testListId="8c84fa94-04c1-424b-9868-57a2d4851a1d" />
    <TestEntry testId="cd491c00-a170-8315-5891-70870c88d41a" executionId="c3dd8455-7297-4a0b-b84b-7b796fdf806c" testListId="8c84fa94-04c1-424b-9868-57a2d4851a1d" />
    <TestEntry testId="45b623b7-3813-f22b-2517-19a39f885c74" executionId="37b0d5d8-c18c-4b91-8f88-96af94ffad1b" testListId="8c84fa94-04c1-424b-9868-57a2d4851a1d" />
    <TestEntry testId="00df01c3-b660-9da2-5b25-9fb18eb09ba4" executionId="776e14c1-a3f2-41fa-9edd-ad5a3e3c2c3a" testListId="8c84fa94-04c1-424b-9868-57a2d4851a1d" />
    <TestEntry testId="d226cfe3-0baa-7b71-4250-150df7b0e482" executionId="b39ea24a-8427-489d-9682-8029de5eefb1" testListId="8c84fa94-04c1-424b-9868-57a2d4851a1d" />
    <TestEntry testId="a3522fe8-2c51-0720-692b-19505ff1f3ab" executionId="b90f801b-b5f6-4b3d-886d-cd5c8bbc6a20" testListId="8c84fa94-04c1-424b-9868-57a2d4851a1d" />
    <TestEntry testId="0e1581d0-68ec-395d-bba7-259d70ed5a65" executionId="c50bb46b-717b-4bce-b256-875bd26dd2cc" testListId="8c84fa94-04c1-424b-9868-57a2d4851a1d" />
    <TestEntry testId="5af76ab1-3c96-0782-0f69-0a6bc2d7c8b6" executionId="f6e76352-014b-4cdd-bd9d-20bd2a8fb759" testListId="8c84fa94-04c1-424b-9868-57a2d4851a1d" />
    <TestEntry testId="5c9bc13d-75f0-504e-3ac8-bd51b1a9682b" executionId="53bdb504-244c-4525-bb4f-ef4b5c14e9e6" testListId="8c84fa94-04c1-424b-9868-57a2d4851a1d" />
    <TestEntry testId="947d5d49-fc29-9e6d-9a7c-7a9c74851362" executionId="e0043542-f175-4482-b5ab-d565db7f084c" testListId="8c84fa94-04c1-424b-9868-57a2d4851a1d" />
    <TestEntry testId="1a187d06-5a93-6c13-cb15-d8b84bfe4614" executionId="d4d7abe4-106d-4f44-a774-efa60f7a4226" testListId="8c84fa94-04c1-424b-9868-57a2d4851a1d" />
    <TestEntry testId="3660b523-7a2f-ce51-0ae9-697f52761aab" executionId="03c15e44-04e9-4954-811c-2dbdfe20f1db" testListId="8c84fa94-04c1-424b-9868-57a2d4851a1d" />
    <TestEntry testId="242eaeb5-4fb6-ba67-109a-13e14dfe17d8" executionId="fb026447-2a8f-4e15-b2e9-517a5d04367e" testListId="8c84fa94-04c1-424b-9868-57a2d4851a1d" />
    <TestEntry testId="d7d546a3-f25c-de1e-50f6-7cc8a5664b4d" executionId="4764590f-ac28-44de-9ccf-ed0e928088e3" testListId="8c84fa94-04c1-424b-9868-57a2d4851a1d" />
    <TestEntry testId="a66b0282-fd2d-7625-ee90-a434cd23bae3" executionId="509dcb8a-44ac-421b-9754-74519c519567" testListId="8c84fa94-04c1-424b-9868-57a2d4851a1d" />
    <TestEntry testId="cefd63a1-b412-5b24-e0df-d2ac1260a896" executionId="b7cd9406-be6e-428d-aede-f9c8a4801e59" testListId="8c84fa94-04c1-424b-9868-57a2d4851a1d" />
    <TestEntry testId="343da8d6-49f2-4cd1-7c9a-f6b9669163c2" executionId="26377ef6-de16-4fb1-9000-5da94b10a3bb" testListId="8c84fa94-04c1-424b-9868-57a2d4851a1d" />
    <TestEntry testId="3bf648cf-9af5-5828-8236-b759076b41f1" executionId="d6a2e9cd-14ae-488a-81e1-ce7bafad8a6a" testListId="8c84fa94-04c1-424b-9868-57a2d4851a1d" />
    <TestEntry testId="f0a3995e-8b97-9225-fc35-51acc91740e1" executionId="d720555a-c78d-4a28-aa9e-9706e9c36090" testListId="8c84fa94-04c1-424b-9868-57a2d4851a1d" />
    <TestEntry testId="539a153d-d460-55c5-c596-28ccdd1ddbda" executionId="e1b7c8de-3bd5-4160-b70a-00f661e4e923" testListId="8c84fa94-04c1-424b-9868-57a2d4851a1d" />
    <TestEntry testId="7c3c8b80-e751-a55d-9a40-23886dbb7fae" executionId="5f9f934f-c136-4264-ba59-d569eca8118e" testListId="8c84fa94-04c1-424b-9868-57a2d4851a1d" />
    <TestEntry testId="e5b8128c-ae82-f240-23a4-7663ee58de62" executionId="cc25cf63-6144-4c8d-8fa3-4e80e0b48a27" testListId="8c84fa94-04c1-424b-9868-57a2d4851a1d" />
    <TestEntry testId="aed18445-2aec-c45e-55b5-5b061ab36e44" executionId="fcf16183-a1b4-492e-8b0a-2f006dbf9793" testListId="8c84fa94-04c1-424b-9868-57a2d4851a1d" />
    <TestEntry testId="2bff82d8-a863-dac1-7e78-192da4941dfa" executionId="d6375a2b-9214-4c7f-9dae-c070bbff4f01" testListId="8c84fa94-04c1-424b-9868-57a2d4851a1d" />
    <TestEntry testId="2c48eed7-1dc5-ee91-cd1e-bde28ee743d4" executionId="f9b2e3a1-3d5b-44af-9702-4ca9391cb83d" testListId="8c84fa94-04c1-424b-9868-57a2d4851a1d" />
    <TestEntry testId="e5c9b9e3-0590-9f45-dc91-22286f46f0c2" executionId="2f1c400e-ed0d-4c54-be6f-205d2faf217e" testListId="8c84fa94-04c1-424b-9868-57a2d4851a1d" />
    <TestEntry testId="eab7c7f1-c3ca-7f2f-0032-436545a21c31" executionId="8c5577f6-8e0a-4d10-956c-c989004a8157" testListId="8c84fa94-04c1-424b-9868-57a2d4851a1d" />
    <TestEntry testId="14bca864-8cef-e801-4370-c1738355dd5e" executionId="8ae50094-934e-4019-aef1-c83cbe6328f9" testListId="8c84fa94-04c1-424b-9868-57a2d4851a1d" />
    <TestEntry testId="5b2f9c0c-213f-ad54-5ca2-09ed7b28b05d" executionId="0e36c4d5-2408-454b-b712-6a1b00309cb5" testListId="8c84fa94-04c1-424b-9868-57a2d4851a1d" />
    <TestEntry testId="251381e7-5c06-dc7b-ccad-deaaeb150e55" executionId="329600e2-865b-47aa-aa6f-f9d7934716af" testListId="8c84fa94-04c1-424b-9868-57a2d4851a1d" />
    <TestEntry testId="2019ff0a-1bef-0944-0062-e60456324f24" executionId="f0a5a633-0d1e-4782-a32d-780eb1f451fc" testListId="8c84fa94-04c1-424b-9868-57a2d4851a1d" />
    <TestEntry testId="aa8b5588-f6ff-2272-aeae-c80db44ea482" executionId="a9b679e7-6b5c-4c71-a2ee-6c2a79752a09" testListId="8c84fa94-04c1-424b-9868-57a2d4851a1d" />
    <TestEntry testId="c37f78e2-d16f-f77b-bfaa-ae11e1ff72e2" executionId="3981a56e-c6fe-40f8-9e8f-936753cf37a0" testListId="8c84fa94-04c1-424b-9868-57a2d4851a1d" />
    <TestEntry testId="c129d944-6f25-fcf6-d52b-df9b3d46debb" executionId="872767e4-ed90-4c9c-af64-14fd08a328bf" testListId="8c84fa94-04c1-424b-9868-57a2d4851a1d" />
    <TestEntry testId="93aa22ce-7875-0a64-7bf4-cc1e185bf95d" executionId="0fc27c6c-19eb-4698-ae1a-a3cb2a46a7d8" testListId="8c84fa94-04c1-424b-9868-57a2d4851a1d" />
    <TestEntry testId="6ab1d60b-b204-fcbb-117e-178079527516" executionId="e5ca066a-de8d-4929-9b39-a7d6bfa400df" testListId="8c84fa94-04c1-424b-9868-57a2d4851a1d" />
    <TestEntry testId="42590d1c-c6d3-5f81-c786-6ce0dd3f3392" executionId="f6276dca-f35a-405d-8153-3e088419b22a" testListId="8c84fa94-04c1-424b-9868-57a2d4851a1d" />
    <TestEntry testId="f9c8a32a-c97a-79ef-00df-c1fbffe7238c" executionId="e175ec17-39dc-4c1e-867d-cc4722938d40" testListId="8c84fa94-04c1-424b-9868-57a2d4851a1d" />
    <TestEntry testId="46d02cef-7b6b-b18e-0b01-8242e5cc6199" executionId="bf123a01-b581-4072-84c4-daa832f2a8ac" testListId="8c84fa94-04c1-424b-9868-57a2d4851a1d" />
    <TestEntry testId="91bcca56-884c-cb96-7c1d-5a18bc71c86e" executionId="c337ae3f-6c66-469e-817f-41beed28a8d2" testListId="8c84fa94-04c1-424b-9868-57a2d4851a1d" />
    <TestEntry testId="1f75a3dc-1702-e346-617e-2ae779dc43d3" executionId="a560772b-ec19-4a51-bfce-9a0790feed84" testListId="8c84fa94-04c1-424b-9868-57a2d4851a1d" />
    <TestEntry testId="083fab25-f599-7dc2-2e2d-1c043bdf7920" executionId="d95e59c8-5976-4c3e-aab2-60552c2f0384" testListId="8c84fa94-04c1-424b-9868-57a2d4851a1d" />
    <TestEntry testId="83c751eb-14a1-0518-ef4a-a4873d7e37a1" executionId="a69ee753-4b71-4724-b168-334fa9c49165" testListId="8c84fa94-04c1-424b-9868-57a2d4851a1d" />
    <TestEntry testId="29efbe2a-b93a-7b8a-4f46-f2e621e39450" executionId="a5908206-76df-45ed-b632-6ddba1198d09" testListId="8c84fa94-04c1-424b-9868-57a2d4851a1d" />
    <TestEntry testId="fa3bb139-c9cb-116a-ad78-9c36734a2f1a" executionId="be49d60e-bdfe-4b4a-9edd-29939787f352" testListId="8c84fa94-04c1-424b-9868-57a2d4851a1d" />
    <TestEntry testId="2cd68e88-bd77-0aab-f8d9-f994dcc2a0d4" executionId="1fd7c9bd-68a3-494a-8091-3d2c173d1aab" testListId="8c84fa94-04c1-424b-9868-57a2d4851a1d" />
    <TestEntry testId="cce2c811-042f-e523-2af7-aee7b64f5add" executionId="f54ab3c4-b967-40df-a8b9-7a40a5173191" testListId="8c84fa94-04c1-424b-9868-57a2d4851a1d" />
    <TestEntry testId="1e897cb0-5703-5e82-abaa-5f192987ceba" executionId="979d90f8-53ba-41d8-be3d-129117ef6eb0" testListId="8c84fa94-04c1-424b-9868-57a2d4851a1d" />
    <TestEntry testId="c88dc97d-b37d-2f79-e7d8-b3d63b021821" executionId="79ce7674-31d2-482c-8a78-59d22a33f95e" testListId="8c84fa94-04c1-424b-9868-57a2d4851a1d" />
    <TestEntry testId="4cf44ccf-7424-5bf6-754b-b5775b5bd3a4" executionId="c7404c58-2b1a-4a0b-b27f-9115b7248bc9" testListId="8c84fa94-04c1-424b-9868-57a2d4851a1d" />
    <TestEntry testId="573db366-5b45-dc33-aa17-04dbb73a4a86" executionId="e3673039-61ea-4ea0-8a5e-49f2b732119f" testListId="8c84fa94-04c1-424b-9868-57a2d4851a1d" />
    <TestEntry testId="0297fd58-0da3-19d9-dc2e-42309795b845" executionId="639d190c-b21a-439d-80ea-a22baacbe1d1" testListId="8c84fa94-04c1-424b-9868-57a2d4851a1d" />
    <TestEntry testId="6e916fbd-a558-02ab-59ac-a9e4e36a3bd6" executionId="3e2f7f67-c3cc-4c55-be0e-55862dace79f" testListId="8c84fa94-04c1-424b-9868-57a2d4851a1d" />
    <TestEntry testId="9f86a30c-cb5d-cdc3-6362-ec643e6f3a88" executionId="93137726-2bbb-4e20-956d-b9d7d9f7c77b" testListId="8c84fa94-04c1-424b-9868-57a2d4851a1d" />
    <TestEntry testId="219baaa6-fc46-ff37-b11e-660a366d0293" executionId="1bfd5189-209b-48d6-b555-aecae28e2f72" testListId="8c84fa94-04c1-424b-9868-57a2d4851a1d" />
    <TestEntry testId="e741e240-117d-4e6f-a668-4aceeb293d9b" executionId="3daaaccc-8fda-49f0-bb2e-28a65667e82f" testListId="8c84fa94-04c1-424b-9868-57a2d4851a1d" />
    <TestEntry testId="c0ab7b3e-79f6-10cb-e201-121c0c156872" executionId="70873afe-dd09-49c7-b82a-ea28cbe8856a" testListId="8c84fa94-04c1-424b-9868-57a2d4851a1d" />
    <TestEntry testId="8f7ab7bd-1530-2875-415a-e98036389fb6" executionId="4bcd720b-b9a3-4f4b-ad46-5b5bbe5e30e2" testListId="8c84fa94-04c1-424b-9868-57a2d4851a1d" />
    <TestEntry testId="ebaae215-831a-c000-8249-382fbf65f3ba" executionId="a8947e19-3f9d-4145-83b6-8acd6742e10c" testListId="8c84fa94-04c1-424b-9868-57a2d4851a1d" />
    <TestEntry testId="8ef6b71c-03c6-6569-898f-9503cf0d5d72" executionId="13e336cf-9424-44eb-8410-4f94542387aa" testListId="8c84fa94-04c1-424b-9868-57a2d4851a1d" />
    <TestEntry testId="91623a8c-6d49-f45d-0231-e2b92d035fda" executionId="eeba225b-7e11-42c2-8004-3487aa22376f" testListId="8c84fa94-04c1-424b-9868-57a2d4851a1d" />
    <TestEntry testId="2852a887-0197-aa45-69d9-8a5323803773" executionId="bd8c4225-1483-4c06-83f8-75fb3383cf74" testListId="8c84fa94-04c1-424b-9868-57a2d4851a1d" />
    <TestEntry testId="be121bf8-d744-edb7-56ec-7067f36a393e" executionId="00afcc0e-cde1-4972-8248-1a4b7f011275" testListId="8c84fa94-04c1-424b-9868-57a2d4851a1d" />
    <TestEntry testId="07f229ee-3216-c1c8-7aad-5e95d79ff436" executionId="5fc942ee-0c4c-46c9-b546-bf15320c085f" testListId="8c84fa94-04c1-424b-9868-57a2d4851a1d" />
    <TestEntry testId="6548d944-5e21-feee-dba5-230b8171ee52" executionId="5af82926-ab32-4442-8c21-13a700742052" testListId="8c84fa94-04c1-424b-9868-57a2d4851a1d" />
    <TestEntry testId="1e46398d-b9eb-1658-11dc-f758844da4fe" executionId="22ecc6ac-86d7-4338-ae7d-c240f6f267fd" testListId="8c84fa94-04c1-424b-9868-57a2d4851a1d" />
    <TestEntry testId="56b979a4-5795-e8f4-dded-3ce70a0ebe63" executionId="bc3cfd2a-cef9-4ce4-b532-75d9e1e531fa" testListId="8c84fa94-04c1-424b-9868-57a2d4851a1d" />
    <TestEntry testId="721320ba-efee-6047-d3a4-8eca459bcd84" executionId="9fe553fb-d092-4844-9074-dde1b21f6c22" testListId="8c84fa94-04c1-424b-9868-57a2d4851a1d" />
    <TestEntry testId="8c5e873c-5dd8-ac78-2880-07c3283c31eb" executionId="379e6361-4822-421b-88d9-0ea8b941487e" testListId="8c84fa94-04c1-424b-9868-57a2d4851a1d" />
    <TestEntry testId="42f37f41-8029-3d01-936e-a0e68892e99c" executionId="76161d9b-68a0-41a2-ae84-9b42f8ae2d2e" testListId="8c84fa94-04c1-424b-9868-57a2d4851a1d" />
    <TestEntry testId="91b04fc1-e340-d03e-e6eb-194d9daedfeb" executionId="c7645e81-ca83-4019-bed6-80741947871b" testListId="8c84fa94-04c1-424b-9868-57a2d4851a1d" />
    <TestEntry testId="51f32f20-8dd6-c591-ae91-f429766587cb" executionId="4b77e3e2-8532-43cf-9708-0b6175cc6613" testListId="8c84fa94-04c1-424b-9868-57a2d4851a1d" />
    <TestEntry testId="84b6eaf0-3912-2fd2-39a1-258478e81892" executionId="990712e8-fc01-4d96-8391-37c549d63076" testListId="8c84fa94-04c1-424b-9868-57a2d4851a1d" />
    <TestEntry testId="371c8f76-a032-14d4-8a7c-5d657921fbce" executionId="b8fd98b6-03b3-49e5-99bb-31957593171a" testListId="8c84fa94-04c1-424b-9868-57a2d4851a1d" />
    <TestEntry testId="d8b8c28f-8e4f-6dbc-ccb7-608134cdae5d" executionId="1437a4c8-ef2f-4803-80a1-1b091e1741f6" testListId="8c84fa94-04c1-424b-9868-57a2d4851a1d" />
    <TestEntry testId="dff16ccf-c512-fffc-30a7-266ccec27861" executionId="4fa873d0-d66a-4394-88ab-d81f092ae064" testListId="8c84fa94-04c1-424b-9868-57a2d4851a1d" />
    <TestEntry testId="cdfbde5f-e1a9-51e7-c54f-ec901b87406b" executionId="ef7bda5b-2b12-4af7-817a-93d209bea8e5" testListId="8c84fa94-04c1-424b-9868-57a2d4851a1d" />
    <TestEntry testId="3a3b50bb-42bd-e659-7fd6-95949c77702f" executionId="95e60411-f64b-4993-b3a8-414f6ea2ac74" testListId="8c84fa94-04c1-424b-9868-57a2d4851a1d" />
    <TestEntry testId="99809e90-b94f-48f8-cdf5-24a9d9f79773" executionId="7c47b82a-0beb-4301-af6c-114f4981025c" testListId="8c84fa94-04c1-424b-9868-57a2d4851a1d" />
    <TestEntry testId="b1bdcc10-a518-4f13-d5df-712d90f739cb" executionId="452d06d9-dc9b-45a1-a512-f803c23cac94" testListId="8c84fa94-04c1-424b-9868-57a2d4851a1d" />
    <TestEntry testId="0b8cf773-4e6a-438a-d66c-b796d7668efc" executionId="e1366bc3-1fb3-4a4c-bb34-c9cdb3d2bf33" testListId="8c84fa94-04c1-424b-9868-57a2d4851a1d" />
    <TestEntry testId="c2f69d20-3efd-a849-0385-d4b61c9a5d88" executionId="59df137c-1f8a-466f-832b-97c67024a2be" testListId="8c84fa94-04c1-424b-9868-57a2d4851a1d" />
    <TestEntry testId="0310d9b3-8c87-50e0-a906-4ef6df872a54" executionId="3b6ce749-3a11-477f-b331-634ab5a85b4b" testListId="8c84fa94-04c1-424b-9868-57a2d4851a1d" />
    <TestEntry testId="57aa43bf-7ebd-67ec-864e-ac8e9f45d0b3" executionId="d75b783c-0185-48fc-bded-08e818fb5053" testListId="8c84fa94-04c1-424b-9868-57a2d4851a1d" />
    <TestEntry testId="9719fc10-3e7e-acea-99b8-715e5683e4d2" executionId="b87a4cbe-4ae4-4058-b571-94ea8b43d429" testListId="8c84fa94-04c1-424b-9868-57a2d4851a1d" />
    <TestEntry testId="870a1d4d-9e0b-bf9a-e54c-e71b98677078" executionId="3afafdac-c603-45e8-83be-eebace7ed62a" testListId="8c84fa94-04c1-424b-9868-57a2d4851a1d" />
    <TestEntry testId="022a231a-3c09-6410-ea97-7ada42bef295" executionId="2fe8c431-6405-4d03-9467-f1776a1b0c7d" testListId="8c84fa94-04c1-424b-9868-57a2d4851a1d" />
    <TestEntry testId="8470f380-8aa1-2680-ac41-202dfd7570d0" executionId="97c9f1d4-3aee-47f0-be3a-eb8b9dd2df4f" testListId="8c84fa94-04c1-424b-9868-57a2d4851a1d" />
    <TestEntry testId="4b1a6540-b713-fc9b-acfb-f06b6dea6a57" executionId="ac8cfd2f-0fe7-4618-aa45-ea82ccd0ef58" testListId="8c84fa94-04c1-424b-9868-57a2d4851a1d" />
    <TestEntry testId="3aa30252-510a-3673-1309-64ba2c4c0139" executionId="20ade927-635c-4253-bc45-bb9c0ca3e72f" testListId="8c84fa94-04c1-424b-9868-57a2d4851a1d" />
    <TestEntry testId="b137c005-aae5-8c08-9005-b583278c2e7b" executionId="26b9b8b6-8598-44b2-95d5-8bb81e3c3eb3" testListId="8c84fa94-04c1-424b-9868-57a2d4851a1d" />
    <TestEntry testId="495b0731-34d4-7e84-f9d6-9a63482c5afa" executionId="f90aa763-706c-4aa1-9e21-cd08cf7b802b" testListId="8c84fa94-04c1-424b-9868-57a2d4851a1d" />
    <TestEntry testId="a82f0ce2-d55a-ba94-5cae-3efae81a0a56" executionId="d4735de1-518e-47f8-8417-ac0a982b767b" testListId="8c84fa94-04c1-424b-9868-57a2d4851a1d" />
    <TestEntry testId="55ac35ed-b7ab-e508-3fbc-51d9e7dd3814" executionId="1e57d741-c758-42d6-98cf-3cfca2d41124" testListId="8c84fa94-04c1-424b-9868-57a2d4851a1d" />
    <TestEntry testId="de73a6dd-5ef9-e25b-87bd-de240b4a008f" executionId="6add1c66-7cab-4ea0-a566-9851d6af0917" testListId="8c84fa94-04c1-424b-9868-57a2d4851a1d" />
    <TestEntry testId="9d3a3e05-c8b1-166f-3152-7940071bbec2" executionId="8f9abde6-fa6d-4f5a-b3fa-f129cfb9216b" testListId="8c84fa94-04c1-424b-9868-57a2d4851a1d" />
  </TestEntries>
  <TestLists>
    <TestList name="Results Not in a List" id="8c84fa94-04c1-424b-9868-57a2d4851a1d" />
    <TestList name="All Loaded Results" id="19431567-8539-422a-85d7-44ee4e166bda" />
  </TestLists>
  <ResultSummary outcome="Completed">
    <Counters total="607" executed="607" passed="607" failed="0" error="0" timeout="0" aborted="0" inconclusive="0" passedButRunAborted="0" notRunnable="0" notExecuted="0" disconnected="0" warning="0" completed="0" inProgress="0" pending="0" />
    <Output>
      <StdOut>[xUnit.net 00:00:00.00] xUnit.net VSTest Adapter v2.4.0 (64-bit .NET 8.0.27)&#xD;
[xUnit.net 00:00:01.31]   Discovering: Azure.Functions.Cli.UnitTests&#xD;
[xUnit.net 00:00:02.32]   Discovered:  Azure.Functions.Cli.UnitTests&#xD;
[xUnit.net 00:00:02.33]   Starting:    Azure.Functions.Cli.UnitTests&#xD;
Validating project...&#xD;
  Validate host.json: PASSED.NET 6 is no longer supported. Please consider migrating to a supported version. For more information, see https://aka.ms/azure-functions/dotnet/net8-in-process. If you intend to target .NET 8 on the in-process model, make sure that 'FUNCTIONS_INPROC_NET8_ENABLED' is set to '1' in local.settings.json.&#xD;
Warning: No cached extension bundle with the specified version found in custom download path 'C:\Users\hakkaraj\AppData\Local\Temp\SharedPathTest\9e5cd761-f0d2-416a-9e55-846bbf036b1b'.&#xD;
[I] 2026-05-13T19:01:50.7882394Z: listener started in 70.100 ms with binding 127.0.0.1:64021 [Suave.Tcp.tcpIpServer]&#xD;
[xUnit.net 00:00:17.54]   Finished:    Azure.Functions.Cli.UnitTests&#xD;
</StdOut>
    </Output>
  </ResultSummary>
</TestRun>